                             _      _ _            _      _   _  _____ 
                            | |    | | |          | |    | \ | |/ ____|
         _ __ ___   ___   __| | ___| | |_ ___  ___| |_   |  \| | |  __ 
        | '_ ` _ \ / _ \ / _` |/ _ \ | __/ _ \/ __| __|  | . ` | | |_ |
        | | | | | | (_) | (_| |  __/ | ||  __/\__ \ |_   | |\  | |__| |
        |_| |_| |_|\___/ \__,_|\___|_|\__\___||___/\__|  |_| \_|\_____|
--------------------------------------------------------------------------------
ModelTest-NG v0.1.7 released on 17.03.2021 by The Exelixis Lab.
Written by Diego Darriba.
Contributors: Tomas Flouri, Alexey Kozlov, Benoit Morel, David Posada, 
              Alexandros Stamatakis.
Latest version: https://github.com/ddarriba/modeltest
--------------------------------------------------------------------------------

Physical cores: 32
Logical cores:  64
Memory:         1.01e+03GB
Extensions:     AVX

WARNING: MSA has not enough sites to infer reliable results
Validating binary checkpoint
OK!
--------------------------------------------------------------------------------
ModelTest-NG v0.1.7

Input data:
  MSA:        /vast/palmer/scratch/turner/flg9/BrookLab/GitHub/Fig3_MLTree/1_MSA/results/Picornaviridae/MAFFT/Picornavirus_MSA_Renamed_Extraction_09DEC2024.fasta
  Tree:       Maximum likelihood
    file:           -
  #taxa:            142
  #sites:           20611
  #patterns:        17126
  Max. thread mem:  1195 MB

Output:
  Log:           /vast/palmer/scratch/turner/flg9/BrookLab/GitHub/Fig3_MLTree/1_MSA/results/Picornaviridae/MAFFT/Picornavirus_MSA_Renamed_Extraction_09DEC2024.fasta.log
  Starting tree: /vast/palmer/scratch/turner/flg9/BrookLab/GitHub/Fig3_MLTree/1_MSA/results/Picornaviridae/MAFFT/Picornavirus_MSA_Renamed_Extraction_09DEC2024.fasta.tree
  Results:       /vast/palmer/scratch/turner/flg9/BrookLab/GitHub/Fig3_MLTree/1_MSA/results/Picornaviridae/MAFFT/Picornavirus_MSA_Renamed_Extraction_09DEC2024.fasta.out

Selection options:
  # dna schemes:      11
  # dna models:       88
  include model parameters:
    Uniform:         true
    p-inv (+I):      true
    gamma (+G):      true
    both (+I+G):     true
    free rates (+R): false
    fixed freqs:     true
    estimated freqs: true
    #categories:     4
  gamma rates mode:   mean
  asc bias:           none
  epsilon (opt):      0.01
  epsilon (par):      0.05
  keep branches:      false

Additional options:
  verbosity:        very low
  threads:          8/32
  RNG seed:         12345
  subtree repeats:  enabled
--------------------------------------------------------------------------------
modeltest-ng was called as follows: 
>> modeltest-ng -d nt -i /vast/palmer/scratch/turner/flg9/BrookLab/GitHub/Fig3_MLTree/1_MSA/results/Picornaviridae/MAFFT/Picornavirus_MSA_Renamed_Extraction_09DEC2024.fasta -t ml -p 8 


Partition 1/1

    3/88   TVM+I+G4       0h:32:03   0h:32:04         -937471.2333  1.5046  0.0218
    2/88   GTR+I+G4       0h:34:46   0h:34:47         -937471.2242  1.5043  0.0218
    7/88   TPM3uf+I+G4    0h:35:41   0h:35:42         -937904.9464  1.4009  0.0218
    4/88   TIM3+I+G4      0h:35:46   0h:35:47         -937904.8488  1.4009  0.0218
    5/88   TIM2+I+G4      0h:38:12   0h:38:13         -937851.7820  1.4361  0.0218
    9/88   TPM1uf+I+G4    0h:40:35   0h:40:36         -938283.4447  1.5018  0.0218
    8/88   TrN+I+G4       0h:50:06   0h:50:07         -938285.4799  1.4009  0.0218
    6/88   TIM1+I+G4      0h:52:25   0h:52:26         -938283.3330  1.4009  0.0218
   14/88   TIM2ef+I+G4    0h:27:16   1h:05:29         -938507.2494  1.5312  0.0218
   10/88   TPM2uf+I+G4    0h:34:44   1h:06:48         -937862.3019  1.5132  0.0218
   13/88   HKY+I+G4       0h:41:59   1h:17:46         -938283.6224  1.5017  0.0218
   12/88   TVMef+I+G4     0h:47:32   1h:23:14         -938470.0897  1.5410  0.0218
   15/88   TIM1ef+I+G4    0h:45:05   1h:25:41         -939783.0330  1.4820  0.0218
   16/88   TIM3ef+I+G4    0h:40:25   1h:30:32         -939722.1205  1.4792  0.0218
   11/88   SYM+I+G4       0h:58:05   1h:32:52         -938400.6970  1.4810  0.0218
   17/88   F81+I+G4       0h:41:15   1h:33:41         -948798.8345  1.5565  0.0218
   19/88   TPM2+I+G4      0h:39:00   1h:45:48         -938549.0229  1.5410  0.0218
   18/88   TPM3+I+G4      0h:40:55   1h:46:24         -939810.4485  1.4795  0.0218
   20/88   TPM1+I+G4      0h:45:08   2h:02:54         -939869.4354  1.4827  0.0218
   22/88   K80+I+G4       0h:40:04   2h:05:45         -939883.6288  1.4820  0.0218
   21/88   TrNef+I+G4     0h:43:23   2h:06:38         -939792.8579  1.4803  0.0218
   25/88   TVM+G4         0h:34:10   2h:07:51         -937720.9848  1.4001       -
   23/88   JC+I+G4        0h:38:24   2h:08:56         -950006.0008  1.6215  0.0218
   26/88   TIM3+G4        0h:29:18   2h:15:06         -938145.3657  1.3820       -
   24/88   GTR+G4         0h:52:43   2h:25:35         -937720.5884  1.3998       -
   27/88   TIM2+G4        0h:41:14   2h:27:38         -938098.2384  1.3881       -
   29/88   TPM3uf+G4      0h:28:50   2h:34:35         -938145.7902  1.3826       -
   31/88   TPM1uf+G4      0h:32:36   2h:40:27         -938547.5003  1.3985       -
   30/88   TrN+G4         0h:41:13   2h:47:51         -938547.2373  1.3958       -
   32/88   TPM2uf+G4      0h:40:12   2h:49:08         -938112.6725  1.3309       -
   33/88   SYM+G4         0h:39:13   2h:54:19         -938669.9659  1.4069       -
   35/88   HKY+G4         0h:33:24   3h:01:02         -938547.7390  1.3984       -
   28/88   TIM1+G4        1h:00:18   3h:03:12         -938547.0121  1.3959       -
   38/88   TIM3ef+G4      0h:23:33   3h:11:24         -939960.8879  1.3986       -
   34/88   TVMef+G4       0h:46:39   3h:12:14         -938727.7366  1.4020       -
   37/88   TIM1ef+G4      0h:32:37   3h:13:04         -940016.8672  1.4034       -
   36/88   TIM2ef+G4      0h:41:00   3h:15:35         -938749.5696  1.4115       -
   40/88   TPM3+G4        0h:33:40   3h:27:59         -940066.7188  1.3918       -
   42/88   TPM1+G4        0h:25:08   3h:28:20         -940120.3735  1.3983       -
   41/88   TPM2+G4        0h:33:38   3h:34:40         -938831.9581  1.4076       -
   39/88   F81+G4         0h:47:00   3h:36:08         -949051.7643  1.3939       -
   43/88   TrNef+G4       0h:30:31   3h:41:55         -940029.1096  1.4018       -
   44/88   K80+G4         0h:30:46   3h:43:00         -940125.9667  1.3996       -
   47/88   TVM+I          0h:16:45   3h:44:44         -968555.4236       -  0.0219
   45/88   JC+G4          0h:32:04   3h:45:08         -950257.9925  1.4664       -
   48/88   TIM3+I         0h:18:08   3h:46:28         -969047.9475       -  0.0219
   46/88   GTR+I          0h:31:28   3h:47:03         -968476.4050       -  0.0219
   49/88   TIM2+I         0h:19:02   3h:53:42         -968628.2744       -  0.0219
   53/88   TPM1uf+I       0h:10:33   3h:55:17         -969314.5238       -  0.0219
   50/88   TIM1+I         0h:20:21   3h:56:29         -969234.7964       -  0.0219
   51/88   TPM3uf+I       0h:17:34   3h:59:29         -969134.0096       -  0.0219
   54/88   TPM2uf+I       0h:14:33   3h:59:41         -968682.8352       -  0.0219
   56/88   TVMef+I        0h:13:34   4h:00:37         -968852.7002       -  0.0219
   52/88   TrN+I          0h:19:59   4h:02:59         -969235.9794       -  0.0219
   57/88   HKY+I          0h:10:24   4h:04:06         -969316.0855       -  0.0219
   55/88   SYM+I          0h:18:40   4h:05:08         -968764.0674       -  0.0219
   58/88   TIM2ef+I       0h:13:15   4h:08:32         -968778.7574       -  0.0219
   59/88   TIM1ef+I       0h:13:23   4h:09:52         -970126.2425       -  0.0219
   62/88   TPM3+I         0h:10:49   4h:11:26         -970251.4485       -  0.0219
   60/88   TIM3ef+I       0h:13:41   4h:13:10         -970143.5946       -  0.0219
   64/88   TPM1+I         0h:10:29   4h:14:35         -970232.1428       -  0.0219
   63/88   TPM2+I         0h:13:10   4h:16:09         -968866.0054       -  0.0219
   65/88   TrNef+I        0h:13:14   4h:18:22         -970152.0568       -  0.0219
   70/88   TIM3           0h:04:18   4h:18:53         -971078.3228       -       -
   61/88   F81+I          0h:19:14   4h:18:55         -978456.7113       -  0.0214
   66/88   K80+I          0h:10:59   4h:19:31         -970258.2068       -  0.0219
   74/88   TrN            0h:03:35   4h:22:30         -971268.3292       -       -
   69/88   TVM            0h:12:39   4h:25:49         -970420.9955       -       -
   68/88   GTR            0h:15:35   4h:27:01         -970294.0483       -       -
   76/88   TPM2uf         0h:04:56   4h:27:26         -970742.6849       -       -
   67/88   JC+I           0h:17:52   4h:27:44         -979112.4283       -  0.0214
   75/88   TPM1uf         0h:09:49   4h:29:20         -971178.2392       -       -
   71/88   TIM2           0h:13:58   4h:30:07         -970451.9220       -       -
   77/88   SYM            0h:05:21   4h:31:10         -970788.5289       -       -
   79/88   HKY            0h:03:54   4h:31:20         -971370.0430       -       -
   78/88   TVMef          0h:05:17   4h:32:18         -970906.4105       -       -
   80/88   TIM2ef         0h:04:58   4h:32:42         -970803.2002       -       -
   81/88   TIM1ef         0h:04:36   4h:33:56         -972157.6276       -       -
   82/88   TIM3ef         0h:05:30   4h:35:37         -972154.4131       -       -
   84/88   TPM3           0h:04:31   4h:35:51         -972314.7564       -       -
   86/88   TPM1           0h:04:08   4h:36:50         -972294.9201       -       -
   85/88   TPM2           0h:04:51   4h:37:09         -970919.3679       -       -
   72/88   TIM1           0h:19:09   4h:37:31         -971055.0701       -       -
   73/88   TPM3uf         0h:19:05   4h:37:58         -970998.1565       -       -
   87/88   TrNef          0h:04:25   4h:38:21         -972183.6393       -       -
   88/88   K80            0h:04:18   4h:39:55         -972321.2295       -       -
   89/88   JC             0h:04:57   4h:40:48         -981075.7999       -       -
   83/88   F81            0h:20:58   4h:52:08         -980299.1482       -       -
 ----ID---  ----MODEL---- ---Time--- -Elapsed--- -------LnL------- -Alpha- -P-inv-

Computation of likelihood scores completed. It took 4h:52:08

BIC       model              K            lnL          score          delta    weight
--------------------------------------------------------------------------------
       1  TVM+I+G4           9   -937471.2333   1877823.2049         0.0000    0.9930
       2  GTR+I+G4          10   -937471.2242   1877833.1202         9.9153    0.0070
       3  TVM+G4             8   -937720.9848   1878312.7742       489.5693    0.0000
       4  GTR+G4             9   -937720.5884   1878321.9151       498.7102    0.0000
       5  TIM2+I+G4          8   -937851.7820   1878574.3687       751.1638    0.0000
       6  TPM2uf+I+G4        7   -937862.3019   1878585.4749       762.2700    0.0000
       7  TPM3uf+I+G4        7   -937904.9464   1878670.7639       847.5590    0.0000
       8  TIM3+I+G4          8   -937904.8488   1878680.5023       857.2974    0.0000
       9  TIM2+G4            7   -938098.2384   1879057.3479      1234.1430    0.0000
      10  TPM2uf+G4          6   -938112.6725   1879076.2825      1253.0776    0.0000
--------------------------------------------------------------------------------
Best model according to BIC
---------------------------
Model:              TVM+I+G4
lnL:                -937471.2333
Frequencies:        0.2579 0.2339 0.2217 0.2864
Subst. Rates:       1.8914 3.3445 1.4507 1.4287 3.3445 1.0000 
Inv. sites prop:    0.0218
Gamma shape:        1.5046
Score:              1877823.2049
Weight:             0.9930
---------------------------
Parameter importances
---------------------------
P.Inv:              -
Gamma:              0.0000
Gamma-Inv:          1.0000
Frequencies:        1.0000
---------------------------
Model averaged estimates
---------------------------
P.Inv:              -
Alpha:              1.4001
Alpha-P.Inv:        1.5046
P.Inv-Alpha:        0.0218
Frequencies:        0.2579 0.2340 0.2217 0.2864 

Commands:
  > phyml  -i /vast/palmer/scratch/turner/flg9/BrookLab/GitHub/Fig3_MLTree/1_MSA/results/Picornaviridae/MAFFT/Picornavirus_MSA_Renamed_Extraction_09DEC2024.fasta -m 012314 -f m -v e -a e -c 4 -o tlr
  > raxmlHPC-SSE3 -s /vast/palmer/scratch/turner/flg9/BrookLab/GitHub/Fig3_MLTree/1_MSA/results/Picornaviridae/MAFFT/Picornavirus_MSA_Renamed_Extraction_09DEC2024.fasta -m GTRGAMMAIX -n EXEC_NAME -p PARSIMONY_SEED
  > raxml-ng --msa /vast/palmer/scratch/turner/flg9/BrookLab/GitHub/Fig3_MLTree/1_MSA/results/Picornaviridae/MAFFT/Picornavirus_MSA_Renamed_Extraction_09DEC2024.fasta --model TVM+I+G4
  > paup -s /vast/palmer/scratch/turner/flg9/BrookLab/GitHub/Fig3_MLTree/1_MSA/results/Picornaviridae/MAFFT/Picornavirus_MSA_Renamed_Extraction_09DEC2024.fasta
  > iqtree -s /vast/palmer/scratch/turner/flg9/BrookLab/GitHub/Fig3_MLTree/1_MSA/results/Picornaviridae/MAFFT/Picornavirus_MSA_Renamed_Extraction_09DEC2024.fasta -m TVM+I+G4

AIC       model              K            lnL          score          delta    weight
--------------------------------------------------------------------------------
       1  TVM+I+G4           9   -937471.2333   1875522.4666         0.0000    0.7293
       2  GTR+I+G4          10   -937471.2242   1875524.4484         1.9818    0.2707
       3  TVM+G4             8   -937720.9848   1876019.9696       497.5029    0.0000
       4  GTR+G4             9   -937720.5884   1876021.1768       498.7102    0.0000
       5  TIM2+I+G4          8   -937851.7820   1876281.5640       759.0974    0.0000
       6  TPM2uf+I+G4        7   -937862.3019   1876300.6038       778.1372    0.0000
       7  TPM3uf+I+G4        7   -937904.9464   1876385.8928       863.4262    0.0000
       8  TIM3+I+G4          8   -937904.8488   1876387.6977       865.2310    0.0000
       9  TIM2+G4            7   -938098.2384   1876772.4768      1250.0101    0.0000
      10  TPM2uf+G4          6   -938112.6725   1876799.3450      1276.8783    0.0000
--------------------------------------------------------------------------------
Best model according to AIC
---------------------------
Model:              TVM+I+G4
lnL:                -937471.2333
Frequencies:        0.2579 0.2339 0.2217 0.2864
Subst. Rates:       1.8914 3.3445 1.4507 1.4287 3.3445 1.0000 
Inv. sites prop:    0.0218
Gamma shape:        1.5046
Score:              1875522.4666
Weight:             0.7293
---------------------------
Parameter importances
---------------------------
P.Inv:              -
Gamma:              0.0000
Gamma-Inv:          1.0000
Frequencies:        1.0000
---------------------------
Model averaged estimates
---------------------------
P.Inv:              -
Alpha:              1.4000
Alpha-P.Inv:        1.5045
P.Inv-Alpha:        0.0218
Frequencies:        0.2578 0.2340 0.2217 0.2865 

Commands:
  > phyml  -i /vast/palmer/scratch/turner/flg9/BrookLab/GitHub/Fig3_MLTree/1_MSA/results/Picornaviridae/MAFFT/Picornavirus_MSA_Renamed_Extraction_09DEC2024.fasta -m 012314 -f m -v e -a e -c 4 -o tlr
  > raxmlHPC-SSE3 -s /vast/palmer/scratch/turner/flg9/BrookLab/GitHub/Fig3_MLTree/1_MSA/results/Picornaviridae/MAFFT/Picornavirus_MSA_Renamed_Extraction_09DEC2024.fasta -m GTRGAMMAIX -n EXEC_NAME -p PARSIMONY_SEED
  > raxml-ng --msa /vast/palmer/scratch/turner/flg9/BrookLab/GitHub/Fig3_MLTree/1_MSA/results/Picornaviridae/MAFFT/Picornavirus_MSA_Renamed_Extraction_09DEC2024.fasta --model TVM+I+G4
  > paup -s /vast/palmer/scratch/turner/flg9/BrookLab/GitHub/Fig3_MLTree/1_MSA/results/Picornaviridae/MAFFT/Picornavirus_MSA_Renamed_Extraction_09DEC2024.fasta
  > iqtree -s /vast/palmer/scratch/turner/flg9/BrookLab/GitHub/Fig3_MLTree/1_MSA/results/Picornaviridae/MAFFT/Picornavirus_MSA_Renamed_Extraction_09DEC2024.fasta -m TVM+I+G4

AICc      model              K            lnL          score          delta    weight
--------------------------------------------------------------------------------
       1  TVM+I+G4           9   -937471.2333   1875530.4666         0.0000    0.7293
       2  GTR+I+G4          10   -937471.2242   1875532.4484         1.9818    0.2707
       3  TVM+G4             8   -937720.9848   1876027.9696       497.5029    0.0000
       4  GTR+G4             9   -937720.5884   1876029.1768       498.7102    0.0000
       5  TIM2+I+G4          8   -937851.7820   1876289.5640       759.0974    0.0000
       6  TPM2uf+I+G4        7   -937862.3019   1876308.6038       778.1372    0.0000
       7  TPM3uf+I+G4        7   -937904.9464   1876393.8928       863.4262    0.0000
       8  TIM3+I+G4          8   -937904.8488   1876395.6977       865.2310    0.0000
       9  TIM2+G4            7   -938098.2384   1876780.4768      1250.0101    0.0000
      10  TPM2uf+G4          6   -938112.6725   1876807.3450      1276.8783    0.0000
--------------------------------------------------------------------------------
Best model according to AICc
---------------------------
Model:              TVM+I+G4
lnL:                -937471.2333
Frequencies:        0.2579 0.2339 0.2217 0.2864
Subst. Rates:       1.8914 3.3445 1.4507 1.4287 3.3445 1.0000 
Inv. sites prop:    0.0218
Gamma shape:        1.5046
Score:              1875530.4666
Weight:             0.7293
---------------------------
Parameter importances
---------------------------
P.Inv:              -
Gamma:              0.0000
Gamma-Inv:          1.0000
Frequencies:        1.0000
---------------------------
Model averaged estimates
---------------------------
P.Inv:              -
Alpha:              1.4000
Alpha-P.Inv:        1.5045
P.Inv-Alpha:        0.0218
Frequencies:        0.2578 0.2340 0.2217 0.2865 

Commands:
  > phyml  -i /vast/palmer/scratch/turner/flg9/BrookLab/GitHub/Fig3_MLTree/1_MSA/results/Picornaviridae/MAFFT/Picornavirus_MSA_Renamed_Extraction_09DEC2024.fasta -m 012314 -f m -v e -a e -c 4 -o tlr
  > raxmlHPC-SSE3 -s /vast/palmer/scratch/turner/flg9/BrookLab/GitHub/Fig3_MLTree/1_MSA/results/Picornaviridae/MAFFT/Picornavirus_MSA_Renamed_Extraction_09DEC2024.fasta -m GTRGAMMAIX -n EXEC_NAME -p PARSIMONY_SEED
  > raxml-ng --msa /vast/palmer/scratch/turner/flg9/BrookLab/GitHub/Fig3_MLTree/1_MSA/results/Picornaviridae/MAFFT/Picornavirus_MSA_Renamed_Extraction_09DEC2024.fasta --model TVM+I+G4
  > paup -s /vast/palmer/scratch/turner/flg9/BrookLab/GitHub/Fig3_MLTree/1_MSA/results/Picornaviridae/MAFFT/Picornavirus_MSA_Renamed_Extraction_09DEC2024.fasta
  > iqtree -s /vast/palmer/scratch/turner/flg9/BrookLab/GitHub/Fig3_MLTree/1_MSA/results/Picornaviridae/MAFFT/Picornavirus_MSA_Renamed_Extraction_09DEC2024.fasta -m TVM+I+G4

There are 45 different topologies
Topologies written to /vast/palmer/scratch/turner/flg9/BrookLab/GitHub/Fig3_MLTree/1_MSA/results/Picornaviridae/MAFFT/Picornavirus_MSA_Renamed_Extraction_09DEC2024.fasta.topos

topo_id   models_count   bic_support   aic_support   aicc_support
-----------------------------------------------------------------
      1              5       1.00000       1.00000       1.00000
     10              2       0.00000       0.00000       0.00000
      4              1       0.00000       0.00000       0.00000
     12              1       0.00000       0.00000       0.00000
     14              1       0.00000       0.00000       0.00000
     11              2       0.00000       0.00000       0.00000
     27              1       0.00000       0.00000       0.00000
     23              3       0.00000       0.00000       0.00000
     28              4       0.00000       0.00000       0.00000
     29              6       0.00000       0.00000       0.00000
     30              1       0.00000       0.00000       0.00000
     31              1       0.00000       0.00000       0.00000
     32              1       0.00000       0.00000       0.00000
     33              1       0.00000       0.00000       0.00000
     34              1       0.00000       0.00000       0.00000
     35              1       0.00000       0.00000       0.00000
     36              1       0.00000       0.00000       0.00000
     37              1       0.00000       0.00000       0.00000
     38              2       0.00000       0.00000       0.00000
     39              2       0.00000       0.00000       0.00000
     40              1       0.00000       0.00000       0.00000
     41              4       0.00000       0.00000       0.00000
     42              1       0.00000       0.00000       0.00000
     43              1       0.00000       0.00000       0.00000
     44              1       0.00000       0.00000       0.00000
     45              1       0.00000       0.00000       0.00000
     16              1       0.00000       0.00000       0.00000
      2              7       0.00000       0.00000       0.00000
      3              5       0.00000       0.00000       0.00000
      5              5       0.00000       0.00000       0.00000
      6              1       0.00000       0.00000       0.00000
      7              1       0.00000       0.00000       0.00000
      8              1       0.00000       0.00000       0.00000
      9              1       0.00000       0.00000       0.00000
     13              4       0.00000       0.00000       0.00000
     15              2       0.00000       0.00000       0.00000
     26              3       0.00000       0.00000       0.00000
     17              1       0.00000       0.00000       0.00000
     18              1       0.00000       0.00000       0.00000
     19              1       0.00000       0.00000       0.00000
     20              1       0.00000       0.00000       0.00000
     21              2       0.00000       0.00000       0.00000
     22              1       0.00000       0.00000       0.00000
     24              1       0.00000       0.00000       0.00000
     25              2       0.00000       0.00000       0.00000

extended majority-rule consensus: ((NC_021482,NC_034617)[1.00000],(NC_014412,NC_014413)[1.00000],(((NC_038317,((((NC_022802,((MF352427,KJ641691)[1.00000],(KJ641686,MN602325)[1.00000])[1.00000])[1.00000],((NC_025114,(NC_012957,NC_012986)[1.00000])[1.00000],(((NC_004421,(NC_023422,(NC_011829,(NC_016769,NC_027054)[1.00000])[1.00000])[1.00000])[1.00000],(OP287812,(NC_001918,(NC_015936,NC_034971)[1.00000])[1.00000])[1.00000])[1.00000],(NC_027918,NC_027919)[1.00000])[1.00000])[1.00000])[1.00000],(NC_032126,NC_040684)[1.00000])[1.00000],((NC_018400,(NC_024770,NC_028964)[1.00000])[1.00000],(NC_014411,NC_024765)[1.00000])[1.00000])[1.00000])[1.00000],((NC_021178,NC_031105)[1.00000],(NC_034206,(NC_024070,NC_038880)[1.00000])[1.00000])[1.00000])[1.00000],(NC_055108,((((((NC_026315,NC_026316)[1.00000],(NC_018668,NC_025675)[1.00000])[1.00000],(((NC_010354,NC_039210)[1.00000],(NC_034245,NC_038303)[1.00000])[1.00000],(NC_003983,NC_039209)[1.00000])[1.00000])[1.00000],(NC_023987,(((((NC_012801,NC_025961)[1.00000],(NC_012800,(NC_012802,NC_023984)[1.00000])[1.00000])[1.00000],(NC_034381,(NC_035198,NC_055161)[1.00000])[1.00000])[1.00000],((NC_001366,(NC_011349,NC_038305)[1.00000])[1.00000],(NC_001479,(NC_009448,NC_010810)[1.00000])[1.00000])[1.00000])[1.00000],(NC_026470,NC_040611)[1.00000])[1.00000])[1.00000])[1.00000],((NC_030843,((NC_025474,((NC_028364,(NC_001489,(NC_028363,NC_038315)[1.00000])[1.00000])[1.00000],((NC_027818,(NC_038316,(NC_028366,NC_028981)[1.00000])[1.00000])[1.00000],(NC_038313,NC_038314)[1.00000])[1.00000])[1.00000])[1.00000],(NC_038961,((((NC_023985,NC_038319)[1.00000],(NC_008250,(NC_028970,NC_038304)[1.00000])[1.00000])[1.00000],(NC_044856,NC_024766)[1.00000])[1.00000],((NC_022332,(NC_018506,(NC_023162,NC_039212)[1.00000])[1.00000])[1.00000],(NC_003976,NC_035779)[1.00000])[1.00000])[1.00000])[1.00000])[1.00000])[1.00000],((NC_038989,(NC_029905,((NC_002058,(NC_001490,NC_038312)[1.00000])[1.00000],(((((NC_010415,NC_013695)[1.00000],(NC_024073,(NC_001472,NC_038307)[1.00000])[1.00000])[1.00000],(NC_038306,(NC_001612,NC_030454)[1.00000])[1.00000])[1.00000],((NC_001859,(NC_038310,((NC_008714,NC_029854)[1.00000],(NC_021220,NC_033695)[1.00000])[1.00000])[1.00000])[1.00000],(NC_004441,NC_034267)[1.00000])[1.00000])[1.00000],((NC_001430,NC_038308)[1.00000],(NC_003988,NC_038309)[1.00000])[1.00000])[1.00000])[1.00000])[1.00000])[1.00000],((NC_015626,NC_016403)[1.00000],((((NC_016156,(MF352423,(KJ641687,MF352419)[1.00000])[1.00000])[1.00000],((KJ641694,(KJ641693,(HQ595345,NC_015934)[1.00000])[1.00000])[1.00000],(NC_016964,((HQ595343,NC_015941)[1.00000],(HQ595341,NC_015940)[1.00000])[1.00000])[1.00000])[1.00000])[1.00000],(KJ641696,(NC_033820,(NC_003987,NC_004451)[1.00000])[1.00000])[1.00000])[1.00000],(NC_006553,(NC_026314,(NC_040605,NC_055156)[1.00000])[1.00000])[1.00000])[1.00000])[1.00000])[1.00000])[1.00000])[1.00000],(NC_040673,(NC_040642,(NC_023988,NC_043544)[1.00000])[1.00000])[1.00000])[1.00000])[1.00000])[1.00000]);
strict consensus: ((NC_021482,NC_034617)[1.00000],(NC_014412,NC_014413)[1.00000],(((NC_038317,((((NC_022802,((MF352427,KJ641691)[1.00000],(KJ641686,MN602325)[1.00000])[1.00000])[1.00000],((NC_025114,(NC_012957,NC_012986)[1.00000])[1.00000],(((NC_004421,(NC_023422,(NC_011829,(NC_016769,NC_027054)[1.00000])[1.00000])[1.00000])[1.00000],(OP287812,(NC_001918,(NC_015936,NC_034971)[1.00000])[1.00000])[1.00000])[1.00000],(NC_027918,NC_027919)[1.00000])[1.00000])[1.00000])[1.00000],(NC_032126,NC_040684)[1.00000])[1.00000],((NC_018400,(NC_024770,NC_028964)[1.00000])[1.00000],(NC_014411,NC_024765)[1.00000])[1.00000])[1.00000])[1.00000],((NC_021178,NC_031105)[1.00000],(NC_034206,(NC_024070,NC_038880)[1.00000])[1.00000])[1.00000])[1.00000],(NC_055108,((((((NC_026315,NC_026316)[1.00000],(NC_018668,NC_025675)[1.00000])[1.00000],(((NC_010354,NC_039210)[1.00000],(NC_034245,NC_038303)[1.00000])[1.00000],(NC_003983,NC_039209)[1.00000])[1.00000])[1.00000],(NC_023987,(((((NC_012801,NC_025961)[1.00000],(NC_012800,(NC_012802,NC_023984)[1.00000])[1.00000])[1.00000],(NC_034381,(NC_035198,NC_055161)[1.00000])[1.00000])[1.00000],((NC_001366,(NC_011349,NC_038305)[1.00000])[1.00000],(NC_001479,(NC_009448,NC_010810)[1.00000])[1.00000])[1.00000])[1.00000],(NC_026470,NC_040611)[1.00000])[1.00000])[1.00000])[1.00000],((NC_030843,((NC_025474,((NC_028364,(NC_001489,(NC_028363,NC_038315)[1.00000])[1.00000])[1.00000],((NC_027818,(NC_038316,(NC_028366,NC_028981)[1.00000])[1.00000])[1.00000],(NC_038313,NC_038314)[1.00000])[1.00000])[1.00000])[1.00000],(NC_038961,((((NC_023985,NC_038319)[1.00000],(NC_008250,(NC_028970,NC_038304)[1.00000])[1.00000])[1.00000],(NC_044856,NC_024766)[1.00000])[1.00000],((NC_022332,(NC_018506,(NC_023162,NC_039212)[1.00000])[1.00000])[1.00000],(NC_003976,NC_035779)[1.00000])[1.00000])[1.00000])[1.00000])[1.00000])[1.00000],((NC_038989,(NC_029905,((NC_002058,(NC_001490,NC_038312)[1.00000])[1.00000],(((((NC_010415,NC_013695)[1.00000],(NC_024073,(NC_001472,NC_038307)[1.00000])[1.00000])[1.00000],(NC_038306,(NC_001612,NC_030454)[1.00000])[1.00000])[1.00000],((NC_001859,(NC_038310,((NC_008714,NC_029854)[1.00000],(NC_021220,NC_033695)[1.00000])[1.00000])[1.00000])[1.00000],(NC_004441,NC_034267)[1.00000])[1.00000])[1.00000],((NC_001430,NC_038308)[1.00000],(NC_003988,NC_038309)[1.00000])[1.00000])[1.00000])[1.00000])[1.00000])[1.00000],((NC_015626,NC_016403)[1.00000],((((NC_016156,(MF352423,(KJ641687,MF352419)[1.00000])[1.00000])[1.00000],((KJ641694,(KJ641693,(HQ595345,NC_015934)[1.00000])[1.00000])[1.00000],(NC_016964,((HQ595343,NC_015941)[1.00000],(HQ595341,NC_015940)[1.00000])[1.00000])[1.00000])[1.00000])[1.00000],(KJ641696,(NC_033820,(NC_003987,NC_004451)[1.00000])[1.00000])[1.00000])[1.00000],(NC_006553,(NC_026314,(NC_040605,NC_055156)[1.00000])[1.00000])[1.00000])[1.00000])[1.00000])[1.00000])[1.00000])[1.00000],(NC_040673,(NC_040642,(NC_023988,NC_043544)[1.00000])[1.00000])[1.00000])[1.00000])[1.00000])[1.00000]);

Summary:

Partition 1/1:
                         Model         Score        Weight
----------------------------------------------------------
       BIC            TVM+I+G4  1877823.2049        0.9930
       AIC            TVM+I+G4  1875522.4666        0.7293
      AICc            TVM+I+G4  1875530.4666        0.7293

Execution results written to /vast/palmer/scratch/turner/flg9/BrookLab/GitHub/Fig3_MLTree/1_MSA/results/Picornaviridae/MAFFT/Picornavirus_MSA_Renamed_Extraction_09DEC2024.fasta.out
Starting tree written to /vast/palmer/scratch/turner/flg9/BrookLab/GitHub/Fig3_MLTree/1_MSA/results/Picornaviridae/MAFFT/Picornavirus_MSA_Renamed_Extraction_09DEC2024.fasta.tree
