                             _      _ _            _      _   _  _____ 
                            | |    | | |          | |    | \ | |/ ____|
         _ __ ___   ___   __| | ___| | |_ ___  ___| |_   |  \| | |  __ 
        | '_ ` _ \ / _ \ / _` |/ _ \ | __/ _ \/ __| __|  | . ` | | |_ |
        | | | | | | (_) | (_| |  __/ | ||  __/\__ \ |_   | |\  | |__| |
        |_| |_| |_|\___/ \__,_|\___|_|\__\___||___/\__|  |_| \_|\_____|
--------------------------------------------------------------------------------
ModelTest-NG v0.1.7 released on 17.03.2021 by The Exelixis Lab.
Written by Diego Darriba.
Contributors: Tomas Flouri, Alexey Kozlov, Benoit Morel, David Posada, 
              Alexandros Stamatakis.
Latest version: https://github.com/ddarriba/modeltest
--------------------------------------------------------------------------------

Physical cores: 32
Logical cores:  64
Memory:         1.01e+03GB
Extensions:     AVX

WARNING: Partition DATA: Sequences OP287812 and OP287812.1 |Eidolon dupreanum kobuvirus, complete genome are identical
WARNING: Partition DATA: Sequences MK372821.1 |Aichi virus 1 strain PAK56 polyprotein gene, complete cds and MK372822.1 |Aichi virus 1 strain PAK419 polyprotein gene, complete cds are identical
WARNING: Partition DATA: Sequences MK372821.1 |Aichi virus 1 strain PAK56 polyprotein gene, complete cds and MK372825.1 |Aichi virus 1 strain PAK663 polyprotein gene, complete cds are identical
WARNING: Partition DATA: Sequences MK372823.1 |Aichi virus 1 strain PAK585 polyprotein gene, complete cds and MK372824.1 |Aichi virus 1 strain PAK622 polyprotein gene, complete cds are identical
WARNING: Partition DATA: Sequences JQ911763.1 |Canine kobuvirus CH-1, complete genome and OP093967.1 |Canine kobuvirus strain CaKoV/PK01/2019/BRA, complete genome are identical
WARNING: Partition DATA: Sequences JF755427.1 |Aichivirus A3 strain M-5 polyprotein gene, complete cds and NC_015936.1 |Mouse kobuvirus M-5/USA/2010, complete genome are identical
WARNING: Partition DATA: Sequences AB040749.1 |Aichi virus genomic RNA, complete genome and NC_074775.1 |Aichi virus genomic RNA, complete genome are identical
WARNING: Partition DATA: Sequences AB010145.1 |Aichi virus genomic RNA, complete genome and NC_001918.1 |Aichi virus, complete genome are identical
WARNING: Partition DATA: Sequences AB084788.1 |Aichivirus B genomic RNA, complete genome, strain:U-1 and NC_004421.1 |Aichivirus B genomic RNA, complete genome, strain:U-1 are identical
WARNING: Partition DATA: Sequences MK962334.1 |Porcine kobuvirus strain KobuV/Pig-wt/ESP/VC14/2017, complete genome and ON792975.1 |Porcine kobuvirus isolate SP-VC4, complete genome are identical
WARNING: Partition DATA: Sequences MK962335.1 |Porcine kobuvirus strain KobuV/Pig-wt/ESP/VC8/2017, complete genome and MK962336.1 |Porcine kobuvirus strain KobuV/Pig-wt/ESP/VC11/2017, complete genome are identical
WARNING: Partition DATA: Sequences MK962335.1 |Porcine kobuvirus strain KobuV/Pig-wt/ESP/VC8/2017, complete genome and ON792976.1 |Porcine kobuvirus isolate SP-VC18, complete genome are identical
WARNING: Partition DATA: Sequences KP260507.1 |Porcine kobuvirus isolate JS-02a-CHN/2014/China, complete genome and NC_027054.1 |Porcine kobuvirus isolate JS-02a-CHN/2014/China, complete genome are identical
WARNING: Partition DATA: Sequences KF793927.1 |Aichivirus C2 isolate 12Q108, complete genome and NC_023422.1 |Caprine kobuvirus isolate 12Q108, complete genome are identical
WARNING: Partition DATA: Sequences JN630514.1 |Porcine kobuvirus SH-W-CHN/2010/China, complete genome and NC_016769.1 |Porcine kobuvirus SH-W-CHN/2010/China, complete genome are identical
WARNING: Partition DATA: Sequences EU787450.2 |Aichivirus C1 strain swine/S-1-HUN/2007/Hungary, complete genome and NC_011829.1 |Porcine kobuvirus swine/S-1-HUN/2007/Hungary, complete genome are identical
WARNING: Partition DATA: Sequences LC055960.1 |Kobuvirus cattle/Kagoshima-2-24-KoV/2015/JPN genomic RNA, complete genome, strain: Kagoshima-2-24-KoV/2015/JPN and NC_027918.1 |Kobuvirus cattle/Kagoshima-2-24-KoV/2015/JPN genomic RNA, complete genome, strain: Kagoshima-2-24-KoV/2015/JPN are identical
WARNING: Partition DATA: Sequences LC055961.1 |Kobuvirus cattle/Kagoshima-1-22-KoV/2014/JPN genomic RNA, nearly complete genome, strain: Kagoshima-1-22-KoV/2014/JPN and NC_027919.1 |Kobuvirus cattle/Kagoshima-1-22-KoV/2014/JPN genomic RNA, nearly complete genome, strain: Kagoshima-1-22-KoV/2014/JPN are identical
WARNING: Partition DATA: Sequences NC_034971.1 |Canine kobuvirus isolate SMCD-59, complete genome and MF062158.1 |Canine kobuvirus isolate SMCD-59, complete genome are identical
WARNING: MSA has not enough sites to infer reliable results
Creating new checkpoint file: /vast/palmer/scratch/turner/flg9/BrookLab/GitHub/Fig3_MLTree/1_MSA/results/MAFFT/Kobuvirus_MSA.fasta.ckp
--------------------------------------------------------------------------------
ModelTest-NG v0.1.7

Input data:
  MSA:        /vast/palmer/scratch/turner/flg9/BrookLab/GitHub/Fig3_MLTree/1_MSA/results/MAFFT/Kobuvirus_MSA.fasta
  Tree:       Maximum likelihood
    file:           -
  #taxa:            329
  #sites:           12598
  #patterns:        9574
  Max. thread mem:  1556 MB

Output:
  Log:           /vast/palmer/scratch/turner/flg9/BrookLab/GitHub/Fig3_MLTree/1_MSA/results/MAFFT/Kobuvirus_MSA.fasta.log
  Starting tree: /vast/palmer/scratch/turner/flg9/BrookLab/GitHub/Fig3_MLTree/1_MSA/results/MAFFT/Kobuvirus_MSA.fasta.tree
  Results:       /vast/palmer/scratch/turner/flg9/BrookLab/GitHub/Fig3_MLTree/1_MSA/results/MAFFT/Kobuvirus_MSA.fasta.out

Selection options:
  # dna schemes:      11
  # dna models:       88
  include model parameters:
    Uniform:         true
    p-inv (+I):      true
    gamma (+G):      true
    both (+I+G):     true
    free rates (+R): false
    fixed freqs:     true
    estimated freqs: true
    #categories:     4
  gamma rates mode:   mean
  asc bias:           none
  epsilon (opt):      0.01
  epsilon (par):      0.05
  keep branches:      false

Additional options:
  verbosity:        very low
  threads:          8/32
  RNG seed:         12345
  subtree repeats:  enabled
--------------------------------------------------------------------------------
modeltest-ng was called as follows: 
>> modeltest-ng -d nt -i /vast/palmer/scratch/turner/flg9/BrookLab/GitHub/Fig3_MLTree/1_MSA/results/MAFFT/Kobuvirus_MSA.fasta -t ml -p 8 


Partition 1/1

    7/88   TPM3uf+I+G4    1h:10:06   1h:10:08         -583224.2519  0.5944  0.0572
    9/88   TPM1uf+I+G4    1h:11:15   1h:11:17         -583716.5117  0.6257  0.0601
    8/88   TrN+I+G4       1h:33:34   1h:33:36         -583687.5452  0.6257  0.0588
    2/88   GTR+I+G4       1h:58:10   1h:58:12         -582147.6968  0.5944  0.0559
    4/88   TIM3+I+G4      2h:01:08   2h:01:10         -583252.5225  0.5944  0.0559
    6/88   TIM1+I+G4      2h:03:46   2h:03:48         -583664.1624  0.6257  0.0587
    3/88   TVM+I+G4       2h:06:28   2h:06:30         -582185.2731  0.5944  0.0568
    5/88   TIM2+I+G4      2h:51:20   2h:51:22         -582618.5451  0.5944  0.0558
   10/88   TPM2uf+I+G4    1h:51:43   3h:01:51         -582669.3068  0.5944  0.0566
   13/88   HKY+I+G4       1h:13:33   3h:11:45         -583754.6527  0.6257  0.0601
   16/88   TIM3ef+I+G4    1h:16:34   3h:23:05         -585325.0554  0.6438  0.0554
   14/88   TIM2ef+I+G4    1h:25:31   3h:26:41         -584346.4739  0.6436  0.0554
   15/88   TIM1ef+I+G4    1h:30:01   3h:33:49         -585458.5572  0.6440  0.0554
   17/88   F81+I+G4       1h:09:32   4h:00:54         -616737.9023  0.6373  0.0585
   12/88   TVMef+I+G4     2h:36:52   4h:10:28         -586540.9118  0.6398  0.0614
   18/88   TPM3+I+G4      1h:32:54   4h:34:45         -587680.2056  0.6398  0.0615
   21/88   TrNef+I+G4     1h:18:41   4h:45:22         -585478.8932  0.6439  0.0554
   11/88   SYM+I+G4       3h:42:18   4h:53:35         -584149.8157  0.6436  0.0554
   19/88   TPM2+I+G4      1h:47:10   4h:58:55         -586741.8471  0.6396  0.0616
   20/88   TPM1+I+G4      1h:46:18   5h:09:23         -587908.0971  0.6398  0.0616
   22/88   K80+I+G4       2h:04:06   5h:37:55         -587927.7468  0.6397  0.0616
   25/88   TVM+G4         1h:23:51   5h:58:37         -582560.6815  0.5068       -
   23/88   JC+I+G4        2h:02:59   6h:03:53         -632473.5292  0.6608  0.0582
   28/88   TIM1+G4        1h:05:52   6h:04:47         -583984.0761  0.5350       -
   24/88   GTR+G4         2h:07:18   6h:17:46         -582490.7203  0.5068       -
   26/88   TIM3+G4        1h:45:31   6h:30:53         -583593.8142  0.5068       -
   29/88   TPM3uf+G4      1h:43:33   6h:52:56         -583587.6932  0.5321       -
   27/88   TIM2+G4        2h:05:55   6h:59:30         -582933.6204  0.5350       -
   31/88   TPM1uf+G4      1h:17:04   7h:15:41         -584014.7062  0.5350       -
   30/88   TrN+G4         1h:54:20   7h:32:15         -584021.6694  0.5350       -
   32/88   TPM2uf+G4      1h:31:21   7h:35:15         -582976.8094  0.5350       -
   35/88   HKY+G4         1h:13:04   7h:43:57         -584051.6454  0.5350       -
   34/88   TVMef+G4       2h:18:03   8h:35:49         -586895.6241  0.5350       -
   37/88   TIM1ef+G4      1h:37:33   8h:37:03         -585758.6644  0.5350       -
   39/88   F81+G4         1h:21:49   8h:54:04         -617227.8883  0.5631       -
   40/88   TPM3+G4        1h:25:32   9h:00:47         -588126.8332  0.5350       -
   38/88   TIM3ef+G4      1h:53:58   9h:09:39         -585609.5646  0.5350       -
   33/88   SYM+G4         3h:57:13   10h:02:00        -584451.8791  0.5350       -
   43/88   TrNef+G4       1h:41:20   10h:18:23        -585779.0619  0.5350       -
   46/88   GTR+I          1h:09:10   10h:18:50        -652087.8648       -  0.0706
   44/88   K80+G4         1h:33:39   10h:27:44        -588316.5126  0.5350       -
   45/88   JC+G4          1h:29:18   10h:30:06        -632805.4505  0.5631       -
   42/88   TPM1+G4        1h:59:55   10h:35:45        -588278.4839  0.5350       -
   47/88   TVM+I          0h:41:59   10h:43:59        -654731.9798       -  0.0710
   41/88   TPM2+G4        3h:04:05   10h:48:02        -587117.4993  0.5350       -
   49/88   TIM2+I         0h:44:38   11h:03:28        -652356.0761       -  0.0706
   50/88   TIM1+I         0h:41:32   11h:09:16        -652887.4472       -  0.0707
   51/88   TPM3uf+I       0h:40:30   11h:10:36        -655527.4844       -  0.0710
   52/88   TrN+I          0h:35:04   11h:10:50        -652936.9794       -  0.0707
   36/88   TIM2ef+G4      4h:21:52   11h:14:48        -584649.7390  0.5350       -
   54/88   TPM2uf+I       0h:42:48   11h:30:50        -654945.8080       -  0.0710
   53/88   TPM1uf+I       0h:51:05   11h:35:04        -655598.6144       -  0.0710
   58/88   TIM2ef+I       0h:29:57   11h:40:47        -652410.6045       -  0.0705
   48/88   TIM3+I         1h:26:34   11h:44:57        -652738.9344       -  0.0707
   56/88   TVMef+I        0h:38:41   11h:47:57        -659005.6290       -  0.0711
   59/88   TIM1ef+I       0h:33:56   11h:48:45        -653313.8313       -  0.0706
   55/88   SYM+I          0h:45:44   11h:49:12        -652349.3348       -  0.0706
   57/88   HKY+I          0h:45:11   11h:55:47        -655644.9104       -  0.0710
   60/88   TIM3ef+I       0h:30:39   12h:01:29        -653243.8559       -  0.0706
   61/88   F81+I          0h:33:58   12h:09:02        -690904.2033       -  0.0714
   62/88   TPM3+I         0h:37:43   12h:18:30        -659998.8914       -  0.0711
   65/88   TrNef+I        0h:30:44   12h:19:29        -653341.9200       -  0.0706
   63/88   TPM2+I         0h:38:40   12h:23:37        -659091.6045       -  0.0711
   69/88   TVM            0h:16:33   12h:25:35        -665028.2211       -       -
   64/88   TPM1+I         0h:47:53   12h:35:50        -659881.2926       -  0.0711
   73/88   TPM3uf         0h:12:59   12h:38:34        -665930.9209       -       -
   67/88   JC+I           0h:44:22   12h:40:09        -700398.3397       -  0.0712
   66/88   K80+I          0h:52:39   12h:41:51        -659877.1801       -  0.0711
   68/88   GTR            0h:43:29   12h:44:58        -661852.0296       -       -
   75/88   TPM1uf         0h:09:44   12h:48:18        -665963.9534       -       -
   71/88   TIM2           0h:35:05   12h:54:34        -661940.6375       -       -
   70/88   TIM3           0h:38:26   12h:56:56        -662501.4423       -       -
   72/88   TIM1           0h:34:00   12h:57:37        -662660.3406       -       -
   79/88   HKY            0h:10:35   12h:58:53        -665997.6909       -       -
   77/88   SYM            0h:24:27   13h:06:18        -662031.4020       -       -
   76/88   TPM2uf         0h:26:17   13h:06:26        -664697.4266       -       -
   80/88   TIM2ef         0h:12:44   13h:07:18        -662418.4451       -       -
   83/88   F81            0h:11:14   13h:10:08        -700913.1359       -       -
   78/88   TVMef          0h:26:31   13h:11:29        -668767.4216       -       -
   81/88   TIM1ef         0h:15:18   13h:12:15        -663266.2792       -       -
   82/88   TIM3ef         0h:16:44   13h:14:21        -663248.2089       -       -
   86/88   TPM1           0h:09:22   13h:16:40        -670274.1498       -       -
   74/88   TrN            0h:43:00   13h:18:50        -662583.6685       -       -
   85/88   TPM2           0h:14:39   13h:21:05        -669063.0612       -       -
   87/88   TrNef          0h:12:33   13h:22:41        -663291.3361       -       -
   88/88   K80            0h:11:32   13h:23:01        -669971.0812       -       -
   89/88   JC             0h:12:11   13h:24:26        -710106.2049       -       -
   84/88   TPM3           0h:23:57   13h:30:15        -669620.9977       -       -
 ----ID---  ----MODEL---- ---Time--- -Elapsed--- -------LnL------- -Alpha- -P-inv-

Computation of likelihood scores completed. It took 13h:30:15

BIC       model              K            lnL          score          delta    weight
--------------------------------------------------------------------------------
       1  GTR+I+G4          10   -582147.6968   1170573.8537         0.0000    1.0000
       2  TVM+I+G4           9   -582185.2731   1170639.5650        65.7114    0.0000
       3  GTR+G4             9   -582490.7203   1171250.4593       676.6056    0.0000
       4  TVM+G4             8   -582560.6815   1171380.9405       807.0868    0.0000
       5  TIM2+I+G4          8   -582618.5451   1171496.6676       922.8140    0.0000
       6  TPM2uf+I+G4        7   -582669.3068   1171588.7498      1014.8962    0.0000
       7  TIM2+G4            7   -582933.6204   1172117.3771      1543.5234    0.0000
       8  TPM2uf+G4          6   -582976.8094   1172194.3137      1620.4601    0.0000
       9  TPM3uf+I+G4        7   -583224.2519   1172698.6401      2124.7864    0.0000
      10  TIM3+I+G4          8   -583252.5225   1172764.6226      2190.7689    0.0000
--------------------------------------------------------------------------------
Best model according to BIC
---------------------------
Model:              GTR+I+G4
lnL:                -582147.6968
Frequencies:        0.1844 0.3518 0.2066 0.2572
Subst. Rates:       1.4127 7.2986 2.4426 0.6976 8.5966 1.0000 
Inv. sites prop:    0.0559
Gamma shape:        0.5944
Score:              1170573.8537
Weight:             1.0000
---------------------------
Parameter importances
---------------------------
P.Inv:              -
Gamma:              0.0000
Gamma-Inv:          1.0000
Frequencies:        1.0000
---------------------------
Model averaged estimates
---------------------------
P.Inv:              -
Alpha:              0.5068
Alpha-P.Inv:        0.5944
P.Inv-Alpha:        0.0559
Frequencies:        0.1844 0.3518 0.2066 0.2572 

Commands:
  > phyml  -i /vast/palmer/scratch/turner/flg9/BrookLab/GitHub/Fig3_MLTree/1_MSA/results/MAFFT/Kobuvirus_MSA.fasta -m 012345 -f m -v e -a e -c 4 -o tlr
  > raxmlHPC-SSE3 -s /vast/palmer/scratch/turner/flg9/BrookLab/GitHub/Fig3_MLTree/1_MSA/results/MAFFT/Kobuvirus_MSA.fasta -m GTRGAMMAIX -n EXEC_NAME -p PARSIMONY_SEED
  > raxml-ng --msa /vast/palmer/scratch/turner/flg9/BrookLab/GitHub/Fig3_MLTree/1_MSA/results/MAFFT/Kobuvirus_MSA.fasta --model GTR+I+G4
  > paup -s /vast/palmer/scratch/turner/flg9/BrookLab/GitHub/Fig3_MLTree/1_MSA/results/MAFFT/Kobuvirus_MSA.fasta
  > iqtree -s /vast/palmer/scratch/turner/flg9/BrookLab/GitHub/Fig3_MLTree/1_MSA/results/MAFFT/Kobuvirus_MSA.fasta -m GTR+I+G4

AIC       model              K            lnL          score          delta    weight
--------------------------------------------------------------------------------
       1  GTR+I+G4          10   -582147.6968   1165625.3936         0.0000    1.0000
       2  TVM+I+G4           9   -582185.2731   1165698.5462        73.1527    0.0000
       3  GTR+G4             9   -582490.7203   1166309.4405       684.0469    0.0000
       4  TVM+G4             8   -582560.6815   1166447.3630       821.9694    0.0000
       5  TIM2+I+G4          8   -582618.5451   1166563.0902       937.6966    0.0000
       6  TPM2uf+I+G4        7   -582669.3068   1166662.6136      1037.2201    0.0000
       7  TIM2+G4            7   -582933.6204   1167191.2409      1565.8473    0.0000
       8  TPM2uf+G4          6   -582976.8094   1167275.6188      1650.2253    0.0000
       9  TPM3uf+I+G4        7   -583224.2519   1167772.5039      2147.1103    0.0000
      10  TIM3+I+G4          8   -583252.5225   1167831.0451      2205.6515    0.0000
--------------------------------------------------------------------------------
Best model according to AIC
---------------------------
Model:              GTR+I+G4
lnL:                -582147.6968
Frequencies:        0.1844 0.3518 0.2066 0.2572
Subst. Rates:       1.4127 7.2986 2.4426 0.6976 8.5966 1.0000 
Inv. sites prop:    0.0559
Gamma shape:        0.5944
Score:              1165625.3936
Weight:             1.0000
---------------------------
Parameter importances
---------------------------
P.Inv:              -
Gamma:              0.0000
Gamma-Inv:          1.0000
Frequencies:        1.0000
---------------------------
Model averaged estimates
---------------------------
P.Inv:              -
Alpha:              0.5068
Alpha-P.Inv:        0.5944
P.Inv-Alpha:        0.0559
Frequencies:        0.1844 0.3518 0.2066 0.2572 

Commands:
  > phyml  -i /vast/palmer/scratch/turner/flg9/BrookLab/GitHub/Fig3_MLTree/1_MSA/results/MAFFT/Kobuvirus_MSA.fasta -m 012345 -f m -v e -a e -c 4 -o tlr
  > raxmlHPC-SSE3 -s /vast/palmer/scratch/turner/flg9/BrookLab/GitHub/Fig3_MLTree/1_MSA/results/MAFFT/Kobuvirus_MSA.fasta -m GTRGAMMAIX -n EXEC_NAME -p PARSIMONY_SEED
  > raxml-ng --msa /vast/palmer/scratch/turner/flg9/BrookLab/GitHub/Fig3_MLTree/1_MSA/results/MAFFT/Kobuvirus_MSA.fasta --model GTR+I+G4
  > paup -s /vast/palmer/scratch/turner/flg9/BrookLab/GitHub/Fig3_MLTree/1_MSA/results/MAFFT/Kobuvirus_MSA.fasta
  > iqtree -s /vast/palmer/scratch/turner/flg9/BrookLab/GitHub/Fig3_MLTree/1_MSA/results/MAFFT/Kobuvirus_MSA.fasta -m GTR+I+G4

AICc      model              K            lnL          score          delta    weight
--------------------------------------------------------------------------------
       1  GTR+I+G4          10   -582147.6968   1165699.3936         0.0000    1.0000
       2  TVM+I+G4           9   -582185.2731   1165772.5462        73.1527    0.0000
       3  GTR+G4             9   -582490.7203   1166383.4405       684.0469    0.0000
       4  TVM+G4             8   -582560.6815   1166520.3630       820.9694    0.0000
       5  TIM2+I+G4          8   -582618.5451   1166636.0902       936.6966    0.0000
       6  TPM2uf+I+G4        7   -582669.3068   1166735.6136      1036.2201    0.0000
       7  TIM2+G4            7   -582933.6204   1167264.2409      1564.8473    0.0000
       8  TPM2uf+G4          6   -582976.8094   1167348.6188      1649.2253    0.0000
       9  TPM3uf+I+G4        7   -583224.2519   1167845.5039      2146.1103    0.0000
      10  TIM3+I+G4          8   -583252.5225   1167904.0451      2204.6515    0.0000
--------------------------------------------------------------------------------
Best model according to AICc
---------------------------
Model:              GTR+I+G4
lnL:                -582147.6968
Frequencies:        0.1844 0.3518 0.2066 0.2572
Subst. Rates:       1.4127 7.2986 2.4426 0.6976 8.5966 1.0000 
Inv. sites prop:    0.0559
Gamma shape:        0.5944
Score:              1165699.3936
Weight:             1.0000
---------------------------
Parameter importances
---------------------------
P.Inv:              -
Gamma:              0.0000
Gamma-Inv:          1.0000
Frequencies:        1.0000
---------------------------
Model averaged estimates
---------------------------
P.Inv:              -
Alpha:              0.5068
Alpha-P.Inv:        0.5944
P.Inv-Alpha:        0.0559
Frequencies:        0.1844 0.3518 0.2066 0.2572 

Commands:
  > phyml  -i /vast/palmer/scratch/turner/flg9/BrookLab/GitHub/Fig3_MLTree/1_MSA/results/MAFFT/Kobuvirus_MSA.fasta -m 012345 -f m -v e -a e -c 4 -o tlr
  > raxmlHPC-SSE3 -s /vast/palmer/scratch/turner/flg9/BrookLab/GitHub/Fig3_MLTree/1_MSA/results/MAFFT/Kobuvirus_MSA.fasta -m GTRGAMMAIX -n EXEC_NAME -p PARSIMONY_SEED
  > raxml-ng --msa /vast/palmer/scratch/turner/flg9/BrookLab/GitHub/Fig3_MLTree/1_MSA/results/MAFFT/Kobuvirus_MSA.fasta --model GTR+I+G4
  > paup -s /vast/palmer/scratch/turner/flg9/BrookLab/GitHub/Fig3_MLTree/1_MSA/results/MAFFT/Kobuvirus_MSA.fasta
  > iqtree -s /vast/palmer/scratch/turner/flg9/BrookLab/GitHub/Fig3_MLTree/1_MSA/results/MAFFT/Kobuvirus_MSA.fasta -m GTR+I+G4

There are 78 different topologies
Topologies written to /vast/palmer/scratch/turner/flg9/BrookLab/GitHub/Fig3_MLTree/1_MSA/results/MAFFT/Kobuvirus_MSA.fasta.topos

topo_id   models_count   bic_support   aic_support   aicc_support
-----------------------------------------------------------------
      1              1       1.00000       1.00000       1.00000
      2              1       0.00000       0.00000       0.00000
     21              1       0.00000       0.00000       0.00000
     22              1       0.00000       0.00000       0.00000
      4              1       0.00000       0.00000       0.00000
      9              1       0.00000       0.00000       0.00000
     51              1       0.00000       0.00000       0.00000
     59              1       0.00000       0.00000       0.00000
     58              1       0.00000       0.00000       0.00000
     57              1       0.00000       0.00000       0.00000
     56              1       0.00000       0.00000       0.00000
     55              1       0.00000       0.00000       0.00000
     54              3       0.00000       0.00000       0.00000
     53              1       0.00000       0.00000       0.00000
     52              1       0.00000       0.00000       0.00000
     61              1       0.00000       0.00000       0.00000
     50              1       0.00000       0.00000       0.00000
     49              1       0.00000       0.00000       0.00000
     48              1       0.00000       0.00000       0.00000
     47              1       0.00000       0.00000       0.00000
     46              2       0.00000       0.00000       0.00000
     45              2       0.00000       0.00000       0.00000
     44              1       0.00000       0.00000       0.00000
     43              1       0.00000       0.00000       0.00000
     68              1       0.00000       0.00000       0.00000
     76              1       0.00000       0.00000       0.00000
     75              1       0.00000       0.00000       0.00000
     74              1       0.00000       0.00000       0.00000
     73              1       0.00000       0.00000       0.00000
     72              3       0.00000       0.00000       0.00000
     71              1       0.00000       0.00000       0.00000
     70              1       0.00000       0.00000       0.00000
     69              1       0.00000       0.00000       0.00000
     60              1       0.00000       0.00000       0.00000
     67              2       0.00000       0.00000       0.00000
     66              1       0.00000       0.00000       0.00000
     65              1       0.00000       0.00000       0.00000
     64              1       0.00000       0.00000       0.00000
     63              1       0.00000       0.00000       0.00000
     78              1       0.00000       0.00000       0.00000
     62              1       0.00000       0.00000       0.00000
     77              1       0.00000       0.00000       0.00000
     13              1       0.00000       0.00000       0.00000
     23              1       0.00000       0.00000       0.00000
     20              1       0.00000       0.00000       0.00000
     19              1       0.00000       0.00000       0.00000
     18              2       0.00000       0.00000       0.00000
     17              1       0.00000       0.00000       0.00000
     16              1       0.00000       0.00000       0.00000
     15              1       0.00000       0.00000       0.00000
     14              1       0.00000       0.00000       0.00000
     24              1       0.00000       0.00000       0.00000
     12              1       0.00000       0.00000       0.00000
     11              1       0.00000       0.00000       0.00000
     10              1       0.00000       0.00000       0.00000
      8              2       0.00000       0.00000       0.00000
      7              1       0.00000       0.00000       0.00000
      6              1       0.00000       0.00000       0.00000
      5              1       0.00000       0.00000       0.00000
      3              1       0.00000       0.00000       0.00000
     33              1       0.00000       0.00000       0.00000
     41              1       0.00000       0.00000       0.00000
     40              1       0.00000       0.00000       0.00000
     39              1       0.00000       0.00000       0.00000
     38              1       0.00000       0.00000       0.00000
     37              1       0.00000       0.00000       0.00000
     36              1       0.00000       0.00000       0.00000
     35              1       0.00000       0.00000       0.00000
     34              1       0.00000       0.00000       0.00000
     42              1       0.00000       0.00000       0.00000
     32              1       0.00000       0.00000       0.00000
     31              1       0.00000       0.00000       0.00000
     30              1       0.00000       0.00000       0.00000
     29              1       0.00000       0.00000       0.00000
     28              2       0.00000       0.00000       0.00000
     27              1       0.00000       0.00000       0.00000
     26              1       0.00000       0.00000       0.00000
     25              1       0.00000       0.00000       0.00000

extended majority-rule consensus: ((KM068051.1 |Canine kobuvirus 1 isolate B103 polyprotein mRNA, complete cds,(KM068050.1 |Canine kobuvirus 1 isolate 75 polyprotein mRNA, complete cds,KM068049.1 |Canine kobuvirus 1 isolate 82 polyprotein mRNA, complete cds)[1.00000])[1.00000],KM068048.1 |Canine kobuvirus 1 isolate DD2 polyprotein mRNA, complete cds,((((MH052678.1 |Canine kobuvirus isolate CaKoV_CE9_AUS_2012 polyprotein gene, complete cds,(KF924623.1 |Canine kobuvirus 1 isolate 12D049, complete genome,(MT610361.1 |Canine kobuvirus isolate CKoV/IND/2016 polyprotein gene, complete cds,((PP320365.1 |Canine kobuvirus isolate V156_VN_2022 polyprotein gene, complete cds,((((MN449341.1 |Canine kobuvirus isolate CaKoV AH-1/CHN/2019, complete genome,(MK201779.1 |Canine kobuvirus strain CU_716 polyprotein gene, complete cds,MK201778.1 |Canine kobuvirus strain CU_249 polyprotein gene, complete cds)[1.00000])[1.00000],((PP320358.1 |Canine kobuvirus isolate G50_TH_2021 polyprotein gene, complete cds,(PP320361.1 |Canine kobuvirus isolate F8_TH_2022 polyprotein gene, complete cds,(PP320360.1 |Canine kobuvirus isolate S81_TH_2021 polyprotein gene, complete cds,PP320359.1 |Canine kobuvirus isolate S76_TH_2021 polyprotein gene, complete cds)[1.00000])[1.00000])[1.00000],((MF062158.1 |Canine kobuvirus isolate SMCD-59, complete genome,NC_034971.1 |Canine kobuvirus isolate SMCD-59, complete genome)[1.00000],(MK201777.1 |Canine kobuvirus strain CU_101 polyprotein gene, complete cds,MK201776.1 |Canine kobuvirus strain CU_53 polyprotein gene, complete cds)[1.00000])[1.00000])[1.00000])[1.00000],(OM451182.1 |MAG: Canine kobuvirus isolate JX-MO1 polyprotein gene, complete cds,(OP093967.1 |Canine kobuvirus strain CaKoV/PK01/2019/BRA, complete genome,JQ911763.1 |Canine kobuvirus CH-1, complete genome)[1.00000])[1.00000])[1.00000],((PP320363.1 |Canine kobuvirus isolate V25_VN_2022 polyprotein gene, complete cds,(PP320367.1 |Canine kobuvirus isolate V178_VN_2022 polyprotein gene, complete cds,(PP320368.1 |Canine kobuvirus isolate V180_VN_2022 polyprotein gene, complete cds,PP320362.1 |Canine kobuvirus isolate V5_VN_2022 polyprotein gene, complete cds)[1.00000])[1.00000])[1.00000],(PP320369.1 |Canine kobuvirus isolate V194_VN_2022 polyprotein gene, complete cds,PP320364.1 |Canine kobuvirus isolate V91_VN_2022 polyprotein gene, complete cds)[1.00000])[1.00000])[1.00000])[1.00000],(PP320370.1 |Canine kobuvirus isolate V196_VN_2022 polyprotein gene, complete cds,PP320366.1 |Canine kobuvirus isolate V162_VN_2022 polyprotein gene, complete cds)[1.00000])[1.00000])[1.00000])[1.00000])[1.00000],(JN387133.1 |Kobuvirus dog/AN211D/USA/2009 polyprotein gene, complete cds,JN088541.1 |Canine kobuvirus US-PC0082, complete genome)[1.00000])[1.00000],((((((ON008387.1 |Feline kobuvirus isolate AHAU-2 polyprotein gene, complete cds,(KM091960.1 |Feline kobuvirus strain FeKoV/TE/52/IT/13, complete genome,(KJ958930.1 |Feline kobuvirus isolate 12D240, complete genome,(LC721036.1 |Feline kobuvirus cat/KU22078/Japan/2019 RNA, complete genome,KF831027.1 |Feline kobuvirus strain FK-13, complete genome)[1.00000])[1.00000])[1.00000])[1.00000],(((MH159813.1 |Feline kobuvirus isolate 17CC0811 polyprotein gene, complete cds,MK671314.1 |Feline kobuvirus isolate FKV/18CC0503, complete genome)[1.00000],(MH159814.1 |Feline kobuvirus isolate 16JZ0605 polyprotein gene, complete cds,MK671315.1 |Feline kobuvirus isolate FKV/18CC0718, complete genome)[1.00000])[1.00000],(ON008388.1 |Feline kobuvirus isolate AHAU-3 polyprotein gene, complete cds,(ON008386.1 |Feline kobuvirus isolate AHAU-1 polyprotein gene, complete cds,MF598159.1 |Feline kobuvirus strain WHJ-1, complete genome)[1.00000])[1.00000])[1.00000])[1.00000],(ON595852.1 |MAG: Feline kobuvirus isolate FPV-9, complete genome,(ON595849.1 |MAG: Feline kobuvirus isolate FPV-2, complete genome,(ON595851.1 |MAG: Feline kobuvirus isolate FPV-4, complete genome,(ON595850.1 |MAG: Feline kobuvirus isolate FPV-3, complete genome,ON595848.1 |MAG: Feline kobuvirus isolate FPV-1, complete genome)[1.00000])[1.00000])[1.00000])[1.00000])[1.00000],(OM451184.1 |MAG: Civet kobuvirus isolate GX-F3 polyprotein gene, complete cds,OM451183.1 |MAG: Civet kobuvirus isolate SC-F3 polyprotein gene, complete cds)[1.00000])[1.00000],((MF175074.1 |Murine kobuvirus 1 isolate MKV1/NYC/2014/M014/0146, partial genome,((((OP287812.1 |Eidolon dupreanum kobuvirus, complete genome,OP287812)[1.00000],(PP766456.1 |MAG: Eidolon dupreanum kobuvirus isolate KEL86 genomic sequence,OR082796)[1.00000])[1.00000],((((((NC_027919.1 |Kobuvirus cattle/Kagoshima-1-22-KoV/2014/JPN genomic RNA, nearly complete genome, strain: Kagoshima-1-22-KoV/2014/JPN,LC055961.1 |Kobuvirus cattle/Kagoshima-1-22-KoV/2014/JPN genomic RNA, nearly complete genome, strain: Kagoshima-1-22-KoV/2014/JPN)[1.00000],((OQ758029.1 |Kobuvirus sp. strain goat/KoV/KT-G4/2020-HUN, complete genome,((OP776109.1 |Kobuvirus dekago isolate BKV/Yak/SCDF77/2021/CHN, complete genome,(OP776111.1 |Kobuvirus dekago isolate BKV/Yak/XZNQX7/2021/CHN, complete genome,OP776110.1 |Kobuvirus dekago isolate BKV/Yak/QHHN16/2021/CHN, complete genome)[1.00000])[1.00000],(OQ267712.1 |Kobuvirus dekago isolate BKV/cow/NXC1/2021/CHN, complete genome,(ON730709.1 |Bovine kobuvirus strain BKV5/2021/CHN, complete genome,(NC_027918.1 |Kobuvirus cattle/Kagoshima-2-24-KoV/2015/JPN genomic RNA, complete genome, strain: Kagoshima-2-24-KoV/2015/JPN,LC055960.1 |Kobuvirus cattle/Kagoshima-2-24-KoV/2015/JPN genomic RNA, complete genome, strain: Kagoshima-2-24-KoV/2015/JPN)[1.00000])[1.00000])[1.00000])[1.00000])[1.00000],(MW296158.1 |Ovine kobuvirus isolate SKoV-China/SWUN/AB18/2019, complete genome,OP376931.1 |Caprine kobuvirus isolate CKoV-China/SWUN/B12/2022, complete genome)[1.00000])[1.00000])[1.00000],(OP821762.1 |Rabbit picornavirus strain UJS-2019 polyprotein gene, complete cds,NC_026314.1 |Rabbit kobuvirus isolate Berlin/Jan2011/0572, complete genome)[1.00000])[1.00000],((KF006985.1 |Ferret kobuvirus isolate MpKoV38 polyprotein gene, complete cds,((OK019998.1 |Bovine kobuvirus isolate HNLD2019, complete genome,(ON168740.1 |Bovine kobuvirus isolate BKV12/2021/CHN, complete genome,((ON168738.1 |Bovine kobuvirus isolate BKV10/2021/CHN, complete genome,((ON075052.1 |Bovine kobuvirus isolate BKV3/2021/CHN, complete genome,ON168737.1 |Bovine kobuvirus isolate BKV9/2021/CHN, complete genome)[1.00000],((ON075053.1 |Bovine kobuvirus isolate BKV4/2021/CHN, complete genome,ON168739.1 |Bovine kobuvirus isolate BKV11/2021/CHN, complete genome)[1.00000],(MK080265.1 |Bovine kobuvirus polyprotein gene, complete cds,(ON168742.1 |Bovine kobuvirus isolate BKV14/2021/CHN, complete genome,(((ON075051.1 |Bovine kobuvirus isolate BKV2/2021/CHN, complete genome,MZ603734.1 |Bovine kobuvirus isolate BKoV/CN/HB-SJZ/2021, complete genome)[1.00000],((ON168741.1 |Bovine kobuvirus isolate BKV13/2021/CHN, complete genome,OP920760.1 |Capreolus pygargus kobuvirus isolate CpKoV/XK/CHN/2021, complete genome)[1.00000],(ON075056.1 |Bovine kobuvirus isolate BKV8/2021/CHN, complete genome,ON075050.1 |Bovine kobuvirus isolate BKV1/2021/CHN, complete genome)[1.00000])[1.00000])[1.00000],(ON075055.1 |Bovine kobuvirus isolate BKV7/2021/CHN, complete genome,ON075054.1 |Bovine kobuvirus isolate BKV6/2021/CHN, complete genome)[1.00000])[1.00000])[1.00000])[1.00000])[1.00000])[1.00000])[1.00000],(((KT003671.1 |Bovine kobuvirus polyprotein gene, complete cds,(NC_004421.1 |Aichivirus B genomic RNA, complete genome, strain:U-1,AB084788.1 |Aichivirus B genomic RNA, complete genome, strain:U-1)[1.00000])[1.00000],(MN336260.1 |Bovine kobuvirus strain IL35164, complete genome,MW605074.1 |Bovine kobuvirus strain 1043507, complete genome)[1.00000])[1.00000],(KY407744.1 |Bovine kobuvirus strain BKoV/EGY-1, complete genome,(OP805598.1 |Aichivirus B isolate Bovine_59254_11/21 TR, complete genome,(OP805597.1 |Aichivirus B isolate Bovine_59254_2/21 TR, complete genome,OP805596.1 |Aichivirus B isolate Calf 300917/2021, complete genome)[1.00000])[1.00000])[1.00000])[1.00000])[1.00000])[1.00000])[1.00000],(MZ679272.1 |MAG: Kobuvirus sp. isolate 302R-k141_157464 polyprotein gene, partial cds,GU245693.2 |Aichivirus B3 strain sheep/TB3/HUN/2009, complete genome)[1.00000])[1.00000])[1.00000],(((LC210606.1 |Porcine kobuvirus gene for polyprotein, complete cds, strain: PoKoV/Bu4-4/JPN/2014,(LC210607.1 |Porcine kobuvirus gene for polyprotein, complete cds, strain: PoKoV/Bu4-6/JPN/2014,LC210605.1 |Porcine kobuvirus gene for polyprotein, complete cds, strain: PoKoV/Bu4-2/JPN/2014)[1.00000])[1.00000],(((KC414936.1 |Porcine kobuvirus isolate K-11/2012/CH, complete genome,((((KF539763.1 |Porcine kobuvirus isolate swKoV CH441, complete genome,KM051987.1 |Porcine kobuvirus strain CH/KB-1/2014, complete genome)[1.00000],((JX401523.1 |Porcine kobuvirus isolate CH/HNXX-4/2012, complete genome,(MF062436.1 |Porcine kobuvirus isolate Guangxi/G21/2014/CH polyprotein gene, complete cds,(NC_016769.1 |Porcine kobuvirus SH-W-CHN/2010/China, complete genome,JN630514.1 |Porcine kobuvirus SH-W-CHN/2010/China, complete genome)[1.00000])[1.00000])[1.00000],((KC204684.1 |Porcine kobuvirus isolate XX, complete genome,(MG800805.1 |Porcine kobuvirus isolate Chgz3 polyprotein gene, complete cds,OP414039.1 |MAG UNVERIFIED_ASMBLY: Porcine kobuvirus polyprotein gene strain PF163/con/PicV6, complete cds)[1.00000])[1.00000],(ON007233.1 |Porcine kobuvirus isolate XJ1904-34-PKV, complete genome,(MF062444.1 |Porcine kobuvirus isolate Guangxi/G13/2013/CH polyprotein gene, complete cds,MF062443.1 |Porcine kobuvirus isolate Guangxi/G14/2013/CH polyprotein gene, complete cds)[1.00000])[1.00000])[1.00000])[1.00000])[1.00000],((MF062440.1 |Porcine kobuvirus isolate Guangxi/G17/2013/CH polyprotein gene, complete cds,(OR364986.1 |Porcine kobuvirus isolate JSYZ1806-158, partial genome,(OR364987.1 |Porcine kobuvirus isolate GDCZ2202-1606, partial genome,(MT125684.1 |Porcine kobuvirus isolate swine/JX-3/2013/China, complete genome,(MT125682.1 |Porcine kobuvirus isolate swine/JX-1/2013/China, complete genome,(KJ452348.1 |Porcine kobuvirus isolate CH/DX/2012, complete genome,MT125683.1 |Porcine kobuvirus isolate swine/JX-2/2013/China, complete genome)[1.00000])[1.00000])[1.00000])[1.00000])[1.00000])[1.00000],(JX827598.1 |Porcine kobuvirus isolate CH/HZ/2011 polyprotein gene, complete cds,(LC210615.1 |Porcine kobuvirus gene for polyprotein, complete cds, strain: PoKoV/Ishi-Im6/JPN/2015,LC210614.1 |Porcine kobuvirus gene for polyprotein, complete cds, strain: PoKoV/Ishi-Im5/JPN/2015)[1.00000])[1.00000])[1.00000])[1.00000],((((OM274025.1 |Porcine kobuvirus isolate AH-32 polyprotein gene, complete genome,OP414064.1 |MAG: Porcine kobuvirus isolate PF200/con/PicV31 polyprotein gene, complete cds)[1.00000],(OP414055.1 |MAG: Porcine kobuvirus isolate PF102/con/PicV22 polyprotein gene, complete cds,(OP414050.1 |MAG: Porcine kobuvirus isolate PF95/con/PicV17 polyprotein gene, complete cds,(OP414053.1 |MAG: Porcine kobuvirus isolate PF98/con/PicV20 polyprotein gene, complete cds,OP414051.1 |MAG: Porcine kobuvirus isolate PF96/con/PicV18 polyprotein gene, complete cds)[1.00000])[1.00000])[1.00000])[1.00000],(KF695124.1 |Porcine kobuvirus isolate ch-kobu/2008/China, complete genome,((OQ129479.1 |Porcine kobuvirus isolate SD/2022/China, complete genome,((((OM274027.1 |Porcine kobuvirus isolate AH-49 polyprotein gene, complete genome,MF062439.1 |Porcine kobuvirus isolate Guangxi/G18/2013/CH polyprotein gene, complete cds)[1.00000],((MF062452.1 |Porcine kobuvirus isolate Guangxi/G2/2012/CH polyprotein gene, complete cds,MF062448.1 |Porcine kobuvirus isolate Guangxi/G8/2012/CH polyprotein gene, complete cds)[1.00000],(MF062441.1 |Porcine kobuvirus isolate Guangxi/G16/2013/CH polyprotein gene, complete cds,(MF062446.1 |Porcine kobuvirus isolate Guangxi/G11/2012/CH polyprotein gene, complete cds,MF062442.1 |Porcine kobuvirus isolate Guangxi/G15/2013/CH polyprotein gene, complete cds)[1.00000])[1.00000])[1.00000])[1.00000],(MF062438.1 |Porcine kobuvirus isolate Guangxi/G19/2013/CH polyprotein gene, complete cds,MF062437.1 |Porcine kobuvirus isolate Guangxi/G20/2013/CH polyprotein gene, complete cds)[1.00000])[1.00000],((OM274026.1 |Porcine kobuvirus isolate AH-42 polyprotein gene, complete genome,KY234499.1 |Porcine kobuvirus isolate JXAT2015, complete genome)[1.00000],(MF062447.1 |Porcine kobuvirus isolate Guangxi/G9/2012/CH polyprotein gene, complete cds,MF062435.1 |Porcine kobuvirus isolate Guangxi/G1/2012/CH polyprotein gene, complete cds)[1.00000])[1.00000])[1.00000])[1.00000],(MF062450.1 |Porcine kobuvirus isolate Guangxi/G6/2012/CH polyprotein gene, complete cds,MT125685.1 |Porcine kobuvirus isolate swine/HBYT/2018/China, complete genome)[1.00000])[1.00000])[1.00000])[1.00000],(KP144318.1 |Porcine kobuvirus JS-01-CHN/2013/China, complete genome,(NC_027054.1 |Porcine kobuvirus isolate JS-02a-CHN/2014/China, complete genome,KP260507.1 |Porcine kobuvirus isolate JS-02a-CHN/2014/China, complete genome)[1.00000])[1.00000])[1.00000])[1.00000])[1.00000],(((MN807751.1 |Porcine kobuvirus strain SZ1M-F/PKV/HUN/2013, complete genome,OM105002.1 |MAG: Porcine kobuvirus isolate BSF2 polyprotein gene, complete cds)[1.00000],(LC210609.1 |Porcine kobuvirus gene for polyprotein, complete cds, strain: PoKoV/Bu6-6/JPN/2014,LC210608.1 |Porcine kobuvirus gene for polyprotein, complete cds, strain: PoKoV/Bu5-6/JPN/2014)[1.00000])[1.00000],((((OQ595081.1 |Porcine kobuvirus strain 06-2017-Medj, complete genome,MZ334483.1 |Porcine kobuvirus strain FoPro-213.14/GER/2018, complete genome)[1.00000],((KY234500.1 |Porcine kobuvirus isolate JXJC2015, complete genome,PP171443.1 |Porcine kobuvirus isolate KER-204 polyprotein gene, complete cds)[1.00000],(LC210617.1 |Porcine kobuvirus gene for polyprotein, complete cds, strain: PoKoV/Ishi-Sa5/JPN/2015,LC210616.1 |Porcine kobuvirus gene for polyprotein, complete cds, strain: PoKoV/Ishi-Ka3/JPN/2015)[1.00000])[1.00000])[1.00000],((((JQ692069.1 |Porcine kobuvirus strain WUH1, complete genome,((OM274028.1 |Porcine kobuvirus isolate AH-75 polyprotein gene, complete genome,(OK315318.1 |Porcine kobuvirus isolate Wuhan2020, complete genome,OP414052.1 |MAG: Porcine kobuvirus isolate PF97/con/PicV19 polyprotein gene, complete cds)[1.00000])[1.00000],(OP414063.1 |MAG: Porcine kobuvirus isolate PF183/con/PicV30 polyprotein gene, complete cds,(OP414061.1 |MAG: Porcine kobuvirus isolate PF180/con/PicV28 polyprotein gene, complete cds,OP414041.1 |MAG: Porcine kobuvirus isolate PF196/con/PicV8 polyprotein gene, complete cds)[1.00000])[1.00000])[1.00000])[1.00000],((OP414066.1 |MAG: Porcine kobuvirus isolate PF202/con/PicV33 polyprotein gene, complete cds,(MF062449.1 |Porcine kobuvirus isolate Guangxi/G7/2012/CH polyprotein gene, complete cds,(MF062451.1 |Porcine kobuvirus isolate Guangxi/G5/2012/CH polyprotein gene, complete cds,MF062445.1 |Porcine kobuvirus isolate Guangxi/G12/2012/CH polyprotein gene, complete cds)[1.00000])[1.00000])[1.00000],((GU292559.1 |Kobuvirus pig/JY-2010a/CHN isolate Y-1-CHI, complete genome,OP414059.1 |MAG UNVERIFIED_ASMBLY: Porcine kobuvirus polyprotein gene strain PF161/con/PicV26, complete cds)[1.00000],(KC424638.1 |Porcine kobuvirus isolate K-4/2012/CH, complete genome,(KC424640.1 |Porcine kobuvirus isolate GS-2/2012/CH, complete genome,KC424639.1 |Porcine kobuvirus isolate GS-1/2012/CH, complete genome)[1.00000])[1.00000])[1.00000])[1.00000])[1.00000],(((MT211964.1 |Porcine kobuvirus isolate EdoMex/2018/205, complete genome,(LC210622.1 |Porcine kobuvirus gene for polyprotein, complete cds, strain: PoKoV/Buta16/JPN/2014,LC210611.1 |Porcine kobuvirus gene for polyprotein, complete cds, strain: PoKoV/Bu9-10/JPN/2014)[1.00000])[1.00000],(AB624493.2 |Porcine kobuvirus THA/2007 gene for polyprotein, complete cds, strain: CMP06/07-THA,(LC210613.1 |Porcine kobuvirus gene for polyprotein, complete cds, strain: PoKoV/Iba444-2/JPN/2016,LC210612.1 |Porcine kobuvirus gene for polyprotein, complete cds, strain: PoKoV/Iba27-372/JPN/2015)[1.00000])[1.00000])[1.00000],(MF506730.1 |Porcine kobuvirus isolate OH/RV11/2011, complete genome,(((LC210599.1 |Porcine kobuvirus gene for polyprotein, complete cds, strain: PoKoV/Bu1-8/JPN/2014,(LC210620.1 |Porcine kobuvirus gene for polyprotein, complete cds, strain: PoKoV/Tochigi-IN30/JPN/2015,LC210604.1 |Porcine kobuvirus gene for polyprotein, complete cds, strain: PoKoV/Bu3-5/JPN/2014)[1.00000])[1.00000],(LC210610.1 |Porcine kobuvirus gene for polyprotein, complete cds, strain: PoKoV/Bu7-9/JPN/2014,((LC210603.1 |Porcine kobuvirus gene for polyprotein, complete cds, strain: PoKoV/Bu2-6/JPN/2014,LC210602.1 |Porcine kobuvirus gene for polyprotein, complete cds, strain: PoKoV/Bu2-5/JPN/2014)[1.00000],(LC210601.1 |Porcine kobuvirus gene for polyprotein, complete cds, strain: PoKoV/Bu2-3/JPN/2014,LC210600.1 |Porcine kobuvirus gene for polyprotein, complete cds, strain: PoKoV/Bu2-2/JPN/2014)[1.00000])[1.00000])[1.00000])[1.00000],(MG800806.1 |Porcine kobuvirus isolate Chgz4 polyprotein gene, complete cds,(MG800807.1 |Porcine kobuvirus isolate Chgz5 polyprotein gene, complete cds,(MG800804.1 |Porcine kobuvirus isolate Chgz2 polyprotein gene, complete cds,MG800803.1 |Porcine kobuvirus isolate Chgz1 polyprotein gene, complete cds)[1.00000])[1.00000])[1.00000])[1.00000])[1.00000])[1.00000])[1.00000],(LT898428.1 |Porcine kobuvirus isolate PKV_GER_L00919-K17_14-02_2014 genome assembly, complete genome: monopartite,(GQ249161.1 |Porcine kobuvirus swine/K-30-HUN/2008/HUN, complete genome,(NC_011829.1 |Porcine kobuvirus swine/S-1-HUN/2007/Hungary, complete genome,EU787450.2 |Aichivirus C1 strain swine/S-1-HUN/2007/Hungary, complete genome)[1.00000])[1.00000])[1.00000])[1.00000])[1.00000],(MK962332.1 |Porcine kobuvirus strain KobuV/Pig-wt/ESP/C375/2017, complete genome,(((JX177612.1 |Porcine kobuvirus strain WB-1-HUN/2011/HUN, complete genome,((MK962325.1 |Porcine kobuvirus strain KobuV/Pig-wt/ESP/VT25C/2017, complete genome,(MK962328.1 |Porcine kobuvirus strain KobuV/Pig-wt/ESP/B304/2017, complete genome,MK962322.1 |Porcine kobuvirus strain KobuV/Pig-wt/ESP/VC20B/2017, complete genome)[1.00000])[1.00000],(MK962326.1 |Porcine kobuvirus strain KobuV/Pig-wt/ESP/C429/2017, complete genome,MK962324.1 |Porcine kobuvirus strain KobuV/Pig-wt/ESP/P437/2017, complete genome)[1.00000])[1.00000])[1.00000],((MK962331.1 |Porcine kobuvirus strain KobuV/Pig-wt/ESP/P284/2017, complete genome,MK962329.1 |Porcine kobuvirus strain KobuV/Pig-wt/ESP/P2B/2017, complete genome)[1.00000],(MK962327.1 |Porcine kobuvirus strain KobuV/Pig-wt/ESP/P259/2017, complete genome,MK962323.1 |Porcine kobuvirus strain KobuV/Pig-wt/ESP/P37/2017, complete genome)[1.00000])[1.00000])[1.00000],((ON792977.1 |Porcine kobuvirus isolate SP-VC36, complete genome,(ON792975.1 |Porcine kobuvirus isolate SP-VC4, complete genome,MK962334.1 |Porcine kobuvirus strain KobuV/Pig-wt/ESP/VC14/2017, complete genome)[1.00000])[1.00000],(MK962333.1 |Porcine kobuvirus strain KobuV/Pig-wt/ESP/P461/2017, complete genome,((MK962320.1 |Porcine kobuvirus strain KobuV/Pig-wt/ESP/C247/2017, complete genome,(MK962335.1 |Porcine kobuvirus strain KobuV/Pig-wt/ESP/VC8/2017, complete genome,(ON792976.1 |Porcine kobuvirus isolate SP-VC18, complete genome,MK962336.1 |Porcine kobuvirus strain KobuV/Pig-wt/ESP/VC11/2017, complete genome)[1.00000])[1.00000])[1.00000],(MK962330.1 |Porcine kobuvirus strain KobuV/Pig-wt/ESP/P452/2017, complete genome,MK962321.1 |Porcine kobuvirus strain KobuV/Pig-wt/ESP/P393/2017, complete genome)[1.00000])[1.00000])[1.00000])[1.00000])[1.00000])[1.00000])[1.00000])[1.00000])[1.00000],((LC210619.1 |Porcine kobuvirus gene for polyprotein, complete cds, strain: PoKoV/Ishi-Ta4/JPN/2015,LC210618.1 |Porcine kobuvirus gene for polyprotein, complete cds, strain: PoKoV/Ishi-Ta3/JPN/2015)[1.00000],(KM977675.1 |Porcine kobuvirus isolate OH/RV50/2011, complete genome,LC210621.1 |Porcine kobuvirus genomic RNA, complete genome, strain: PoKoV/Tochigi-IO3/JPN/2014)[1.00000])[1.00000])[1.00000])[1.00000],(OQ808805.1 |Caprine kobuvirus isolate CKoV-China/GCCDC14/2019, complete genome,((MN604700.1 |Caprine kobuvirus isolate MN1/2018, complete genome,(NC_023422.1 |Caprine kobuvirus isolate 12Q108, complete genome,KF793927.1 |Aichivirus C2 isolate 12Q108, complete genome)[1.00000])[1.00000],(MT584793.1 |Caprine kobuvirus isolate CKoV-China/SWUN/F11/2019, complete genome,(OR682617.1 |Caprine kobuvirus isolate Caprine/SWUN/F2/2022, complete genome,OR682616.1 |Caprine kobuvirus isolate Caprine/SWUN/F1/2022, complete genome)[1.00000])[1.00000])[1.00000])[1.00000])[1.00000])[1.00000])[1.00000],((KT325852.1 |Rabbit picornavirus strain Rabbit01/2013/HUN, complete genome,(KJ641691.1 |Aichivirus F2 isolate BtMf-PicoV-2/GD2012 polyprotein gene, partial cds,(OR951282.1 |MAG: Aichivirus F isolate GD2017_210_5247 polyprotein-like gene, complete sequence,(KJ641686.1 |Bat kobuvirus 1 isolate BtMr-PicoV/JX2010 polyprotein gene, partial cds,OR951280.1 |MAG: Aichivirus F isolate GD2017_210_473 polyprotein-like gene, complete sequence)[1.00000])[1.00000])[1.00000])[1.00000],(MT152346.1 |Grey squirrel kobuvirus isolate UK 2010 polyprotein gene, complete cds,OM451187.1 |MAG: Grey squirrel kobuvirus isolate FJ-MO1 polyprotein gene, complete cds)[1.00000])[1.00000])[1.00000],(KJ934637.1 |Kobuvirus SZAL6-KoV/2011/HUN, complete genome,KY432931.1 |Aichivirus A7 isolate RtMruf-PicoV/JL2014-2 polyprotein gene, complete cds)[1.00000])[1.00000])[1.00000],(((MG200054.1 |Aichivirus A strain FSS693 polyprotein gene, complete cds,(((MG692431.1 |Aichi virus 1 isolate ETH/2016/P9 polyprotein gene, partial cds,MG009596.1 |Aichi virus 1 isolate ETH/2016/P4, partial genome)[1.00000],((MK372824.1 |Aichi virus 1 strain PAK622 polyprotein gene, complete cds,MK372823.1 |Aichi virus 1 strain PAK585 polyprotein gene, complete cds)[1.00000],(MK372822.1 |Aichi virus 1 strain PAK419 polyprotein gene, complete cds,(MK372825.1 |Aichi virus 1 strain PAK663 polyprotein gene, complete cds,MK372821.1 |Aichi virus 1 strain PAK56 polyprotein gene, complete cds)[1.00000])[1.00000])[1.00000])[1.00000],((MT766372.1 |MAG: Kobuvirus sp. isolate CHN/XJ/env/2018/ht8-ctg1, complete genome,(OP255993.1 |Aichivirus A1 strain A_RIVM_R04-15/Hu/NL/2019, complete genome,(MF947442.1 |Kobuvirus sp. strain 16806x8 polyprotein gene, partial cds,MF947441.1 |Kobuvirus sp. strain 16317x87 polyprotein gene, complete cds)[1.00000])[1.00000])[1.00000],(FJ890523.1 |Aichi virus isolate Chshc7, complete genome,MG692430.1 |Aichi virus 1 isolate ETH/2016/P6 polyprotein gene, partial cds)[1.00000])[1.00000])[1.00000])[1.00000],(DQ028632.1 |Aichi virus isolate Goiania/GO/03/01/Brazil, complete genome,((GQ927712.2 |Aichi virus strain D/VI2244/2004 polyprotein gene, complete cds,GQ927704.2 |Aichi virus strain D/VI2169/2004 polyprotein gene, complete cds)[1.00000],(GQ927706.2 |Aichi virus strain D/VI2321/2004 polyprotein gene, complete cds,GQ927705.2 |Aichi virus strain D/VI2359/2004 polyprotein gene, complete cds)[1.00000])[1.00000])[1.00000])[1.00000],((AY747174.1 |Aichi virus isolate BAY/1/03/DEU from Germany polyprotein gene, complete cds,(JX564249.1 |Aichi virus strain kvgh99012632/2010 polyprotein gene, complete cds,(OQ121963.1 |Aichi virus 1 isolate hu/C8_Seoul_02/2019, complete genome,GQ927711.2 |Aichi virus strain D/VI2287/2004 polyprotein gene, complete cds)[1.00000])[1.00000])[1.00000],((NC_001918.1 |Aichi virus, complete genome,AB010145.1 |Aichi virus genomic RNA, complete genome)[1.00000],(NC_074775.1 |Aichi virus genomic RNA, complete genome,AB040749.1 |Aichi virus genomic RNA, complete genome)[1.00000])[1.00000])[1.00000])[1.00000])[1.00000])[1.00000],(((OM480536.1 |Coypu kobuvirus strain GX-A1 genomic sequence,(OM480538.1 |Coypu kobuvirus strain HuN-F1 polyprotein gene, complete cds,OM480537.1 |Coypu kobuvirus strain HeB-F1 polyprotein gene, complete cds)[1.00000])[1.00000],(((OR951267.1 |MAG: Bat kobuvirus isolate GX2017 polyprotein-like gene, complete sequence,(OR951253.1 |MAG: Bat kobuvirus isolate GD2018_174_30389 polyprotein gene, complete cds,(OR951262.1 |MAG: Bat kobuvirus isolate GD2018 polyprotein-like gene, complete sequence,OR951260.1 |MAG: Bat kobuvirus isolate GD2018_176_172338 polyprotein gene, complete cds)[1.00000])[1.00000])[1.00000],((OR951365.1 |MAG: Bat kobuvirus isolate LN2020_329_62009 polyprotein gene, complete cds,OR951245.1 |MAG: Bat kobuvirus isolate HI2019 polyprotein gene, complete cds)[1.00000],(OR951256.1 |MAG: Bat kobuvirus isolate GD2018_174_126198 polyprotein gene, complete cds,OR951219.1 |MAG: Bat kobuvirus isolate HI2018 polyprotein gene, complete cds)[1.00000])[1.00000])[1.00000],(((OQ363763.1 |MAG: Aichivirus A isolate GX/B45M0208/2019, complete genome,OP094599.1 |Bamboo rat kobuvirus isolate B45M02, complete genome)[1.00000],(OM451219.1 |MAG: Aichivirus A isolate GX-F2 polyprotein gene, complete cds,OM451218.1 |MAG: Aichivirus A isolate GX-F1 polyprotein gene, complete cds)[1.00000])[1.00000],(((OM069744.1 |Murine kobuvirus 1 isolate SZ249 polyprotein gene, complete cds,(OM049042.1 |Murine kobuvirus 1 isolate SZ-DD6 polyprotein gene, complete cds,MF352432.1 |Aichivirus A strain Wencheng-Rt386-2 polyprotein gene, complete cds)[1.00000])[1.00000],((OM069761.1 |Murine kobuvirus 1 isolate SZ59 polyprotein gene, complete cds,(OM069749.1 |Murine kobuvirus 1 isolate SZ193 polyprotein gene, complete cds,(OM069758.1 |Murine kobuvirus 1 isolate SZ132 polyprotein gene, complete cds,OM069746.1 |Murine kobuvirus 1 isolate SZ208 polyprotein gene, complete cds)[1.00000])[1.00000])[1.00000],(((((MW292480.1 |Murine kobuvirus 1 isolate MuKV/YN27/CHN polyprotein gene, complete cds,(OM069753.1 |Murine kobuvirus 1 isolate SZ171 polyprotein gene, complete cds,OM069752.1 |Murine kobuvirus 1 isolate SZ172 polyprotein gene, complete cds)[1.00000])[1.00000],(OM069748.1 |Murine kobuvirus 1 isolate SZ202 polyprotein gene, complete cds,(OM069750.1 |Murine kobuvirus 1 isolate SZ190 polyprotein gene, complete cds,(OM069747.1 |Murine kobuvirus 1 isolate SZ203 polyprotein gene, complete cds,(OM069759.1 |Murine kobuvirus 1 isolate SZ86 polyprotein gene, complete cds,OM069751.1 |Murine kobuvirus 1 isolate SZ188 polyprotein gene, complete cds)[1.00000])[1.00000])[1.00000])[1.00000])[1.00000],((OM069762.1 |Murine kobuvirus 1 isolate SZ22 polyprotein gene, complete cds,(OM069760.1 |Murine kobuvirus 1 isolate SZ70 polyprotein gene, complete cds,OM069755.1 |Murine kobuvirus 1 isolate SZ157 polyprotein gene, complete cds)[1.00000])[1.00000],(OM069756.1 |Murine kobuvirus 1 isolate SZ155 polyprotein gene, complete cds,(OM069745.1 |Murine kobuvirus 1 isolate SZ227 polyprotein gene, complete cds,OM069742.1 |Murine kobuvirus 1 isolate SZ262 polyprotein gene, complete cds)[1.00000])[1.00000])[1.00000])[1.00000],((OM049039.1 |Murine kobuvirus 1 isolate SZ-CE7 polyprotein gene, complete cds,((OM049041.1 |Murine kobuvirus 1 isolate SZ-CL6 polyprotein gene, complete cds,OM049040.1 |Murine kobuvirus 1 isolate SZ-CJ6 polyprotein gene, complete cds)[1.00000],(OM049038.1 |Murine kobuvirus 1 isolate SZ-B13 polyprotein gene, complete cds,OM069763.1 |Murine kobuvirus 1 isolate SZ-FI6 polyprotein gene, complete cds)[1.00000])[1.00000])[1.00000],(OM069743.1 |Murine kobuvirus 1 isolate SZ252 polyprotein gene, complete cds,(OM069754.1 |Murine kobuvirus 1 isolate SZ158 polyprotein gene, complete cds,OM069741.1 |Murine kobuvirus 1 isolate SZ290 polyprotein gene, complete cds)[1.00000])[1.00000])[1.00000])[1.00000],(OM069757.1 |Murine kobuvirus 1 isolate SZ144 polyprotein gene, complete cds,(MN648600.1 |Rat kobuvirus MM33, partial genome,MN648601.1 |Rat kobuvirus GZ85, partial genome)[1.00000])[1.00000])[1.00000])[1.00000])[1.00000],(MN116647.1 |Aichivirus A strain rat08/rAiA/HUN, complete genome,(MW292482.1 |Murine kobuvirus 1 isolate MuKV/XM34/CHN polyprotein gene, complete cds,MW292481.1 |Murine kobuvirus 1 isolate MuKV/XM86/CHN polyprotein gene, complete cds)[1.00000])[1.00000])[1.00000])[1.00000])[1.00000])[1.00000],((NC_015936.1 |Mouse kobuvirus M-5/USA/2010, complete genome,JF755427.1 |Aichivirus A3 strain M-5 polyprotein gene, complete cds)[1.00000],(OM140655.1 |Marmot kobuvirus strain MCKV/XJ3/CHN/2016, complete genome,(KY855436.1 |Marmot kobuvirus strain HT9, complete genome,(OM451186.1 |MAG: Marmot kobuvirus isolate ZJ-F2 polyprotein gene, complete cds,OM451185.1 |MAG: Marmot kobuvirus isolate JS-TNA1 polyprotein gene, complete cds)[1.00000])[1.00000])[1.00000])[1.00000])[1.00000])[1.00000])[1.00000],(MH747478.1 |Canine kobuvirus strain CaKoV-26, complete genome,(OP093968.1 |Canine kobuvirus strain CaKoV/PK04/2019/BRA, complete genome,OP093966.1 |Canine kobuvirus strain CaKoV/PK02/2019/BRA, complete genome)[1.00000])[1.00000])[1.00000])[1.00000],(KC161964.1 |Canine kobuvirus strain UK003, complete genome,MN337880.1 |Canine kobuvirus strain S272/16, complete genome)[1.00000])[1.00000]);
strict consensus: ((KM068051.1 |Canine kobuvirus 1 isolate B103 polyprotein mRNA, complete cds,(KM068050.1 |Canine kobuvirus 1 isolate 75 polyprotein mRNA, complete cds,KM068049.1 |Canine kobuvirus 1 isolate 82 polyprotein mRNA, complete cds)[1.00000])[1.00000],KM068048.1 |Canine kobuvirus 1 isolate DD2 polyprotein mRNA, complete cds,((((MH052678.1 |Canine kobuvirus isolate CaKoV_CE9_AUS_2012 polyprotein gene, complete cds,(KF924623.1 |Canine kobuvirus 1 isolate 12D049, complete genome,(MT610361.1 |Canine kobuvirus isolate CKoV/IND/2016 polyprotein gene, complete cds,((PP320365.1 |Canine kobuvirus isolate V156_VN_2022 polyprotein gene, complete cds,((((MN449341.1 |Canine kobuvirus isolate CaKoV AH-1/CHN/2019, complete genome,(MK201779.1 |Canine kobuvirus strain CU_716 polyprotein gene, complete cds,MK201778.1 |Canine kobuvirus strain CU_249 polyprotein gene, complete cds)[1.00000])[1.00000],((PP320358.1 |Canine kobuvirus isolate G50_TH_2021 polyprotein gene, complete cds,(PP320361.1 |Canine kobuvirus isolate F8_TH_2022 polyprotein gene, complete cds,(PP320360.1 |Canine kobuvirus isolate S81_TH_2021 polyprotein gene, complete cds,PP320359.1 |Canine kobuvirus isolate S76_TH_2021 polyprotein gene, complete cds)[1.00000])[1.00000])[1.00000],((MF062158.1 |Canine kobuvirus isolate SMCD-59, complete genome,NC_034971.1 |Canine kobuvirus isolate SMCD-59, complete genome)[1.00000],(MK201777.1 |Canine kobuvirus strain CU_101 polyprotein gene, complete cds,MK201776.1 |Canine kobuvirus strain CU_53 polyprotein gene, complete cds)[1.00000])[1.00000])[1.00000])[1.00000],(OM451182.1 |MAG: Canine kobuvirus isolate JX-MO1 polyprotein gene, complete cds,(OP093967.1 |Canine kobuvirus strain CaKoV/PK01/2019/BRA, complete genome,JQ911763.1 |Canine kobuvirus CH-1, complete genome)[1.00000])[1.00000])[1.00000],((PP320363.1 |Canine kobuvirus isolate V25_VN_2022 polyprotein gene, complete cds,(PP320367.1 |Canine kobuvirus isolate V178_VN_2022 polyprotein gene, complete cds,(PP320368.1 |Canine kobuvirus isolate V180_VN_2022 polyprotein gene, complete cds,PP320362.1 |Canine kobuvirus isolate V5_VN_2022 polyprotein gene, complete cds)[1.00000])[1.00000])[1.00000],(PP320369.1 |Canine kobuvirus isolate V194_VN_2022 polyprotein gene, complete cds,PP320364.1 |Canine kobuvirus isolate V91_VN_2022 polyprotein gene, complete cds)[1.00000])[1.00000])[1.00000])[1.00000],(PP320370.1 |Canine kobuvirus isolate V196_VN_2022 polyprotein gene, complete cds,PP320366.1 |Canine kobuvirus isolate V162_VN_2022 polyprotein gene, complete cds)[1.00000])[1.00000])[1.00000])[1.00000])[1.00000],(JN387133.1 |Kobuvirus dog/AN211D/USA/2009 polyprotein gene, complete cds,JN088541.1 |Canine kobuvirus US-PC0082, complete genome)[1.00000])[1.00000],((((((ON008387.1 |Feline kobuvirus isolate AHAU-2 polyprotein gene, complete cds,(KM091960.1 |Feline kobuvirus strain FeKoV/TE/52/IT/13, complete genome,(KJ958930.1 |Feline kobuvirus isolate 12D240, complete genome,(LC721036.1 |Feline kobuvirus cat/KU22078/Japan/2019 RNA, complete genome,KF831027.1 |Feline kobuvirus strain FK-13, complete genome)[1.00000])[1.00000])[1.00000])[1.00000],(((MH159813.1 |Feline kobuvirus isolate 17CC0811 polyprotein gene, complete cds,MK671314.1 |Feline kobuvirus isolate FKV/18CC0503, complete genome)[1.00000],(MH159814.1 |Feline kobuvirus isolate 16JZ0605 polyprotein gene, complete cds,MK671315.1 |Feline kobuvirus isolate FKV/18CC0718, complete genome)[1.00000])[1.00000],(ON008388.1 |Feline kobuvirus isolate AHAU-3 polyprotein gene, complete cds,(ON008386.1 |Feline kobuvirus isolate AHAU-1 polyprotein gene, complete cds,MF598159.1 |Feline kobuvirus strain WHJ-1, complete genome)[1.00000])[1.00000])[1.00000])[1.00000],(ON595852.1 |MAG: Feline kobuvirus isolate FPV-9, complete genome,(ON595849.1 |MAG: Feline kobuvirus isolate FPV-2, complete genome,(ON595851.1 |MAG: Feline kobuvirus isolate FPV-4, complete genome,(ON595850.1 |MAG: Feline kobuvirus isolate FPV-3, complete genome,ON595848.1 |MAG: Feline kobuvirus isolate FPV-1, complete genome)[1.00000])[1.00000])[1.00000])[1.00000])[1.00000],(OM451184.1 |MAG: Civet kobuvirus isolate GX-F3 polyprotein gene, complete cds,OM451183.1 |MAG: Civet kobuvirus isolate SC-F3 polyprotein gene, complete cds)[1.00000])[1.00000],((MF175074.1 |Murine kobuvirus 1 isolate MKV1/NYC/2014/M014/0146, partial genome,((((OP287812.1 |Eidolon dupreanum kobuvirus, complete genome,OP287812)[1.00000],(PP766456.1 |MAG: Eidolon dupreanum kobuvirus isolate KEL86 genomic sequence,OR082796)[1.00000])[1.00000],((((((NC_027919.1 |Kobuvirus cattle/Kagoshima-1-22-KoV/2014/JPN genomic RNA, nearly complete genome, strain: Kagoshima-1-22-KoV/2014/JPN,LC055961.1 |Kobuvirus cattle/Kagoshima-1-22-KoV/2014/JPN genomic RNA, nearly complete genome, strain: Kagoshima-1-22-KoV/2014/JPN)[1.00000],((OQ758029.1 |Kobuvirus sp. strain goat/KoV/KT-G4/2020-HUN, complete genome,((OP776109.1 |Kobuvirus dekago isolate BKV/Yak/SCDF77/2021/CHN, complete genome,(OP776111.1 |Kobuvirus dekago isolate BKV/Yak/XZNQX7/2021/CHN, complete genome,OP776110.1 |Kobuvirus dekago isolate BKV/Yak/QHHN16/2021/CHN, complete genome)[1.00000])[1.00000],(OQ267712.1 |Kobuvirus dekago isolate BKV/cow/NXC1/2021/CHN, complete genome,(ON730709.1 |Bovine kobuvirus strain BKV5/2021/CHN, complete genome,(NC_027918.1 |Kobuvirus cattle/Kagoshima-2-24-KoV/2015/JPN genomic RNA, complete genome, strain: Kagoshima-2-24-KoV/2015/JPN,LC055960.1 |Kobuvirus cattle/Kagoshima-2-24-KoV/2015/JPN genomic RNA, complete genome, strain: Kagoshima-2-24-KoV/2015/JPN)[1.00000])[1.00000])[1.00000])[1.00000])[1.00000],(MW296158.1 |Ovine kobuvirus isolate SKoV-China/SWUN/AB18/2019, complete genome,OP376931.1 |Caprine kobuvirus isolate CKoV-China/SWUN/B12/2022, complete genome)[1.00000])[1.00000])[1.00000],(OP821762.1 |Rabbit picornavirus strain UJS-2019 polyprotein gene, complete cds,NC_026314.1 |Rabbit kobuvirus isolate Berlin/Jan2011/0572, complete genome)[1.00000])[1.00000],((KF006985.1 |Ferret kobuvirus isolate MpKoV38 polyprotein gene, complete cds,((OK019998.1 |Bovine kobuvirus isolate HNLD2019, complete genome,(ON168740.1 |Bovine kobuvirus isolate BKV12/2021/CHN, complete genome,((ON168738.1 |Bovine kobuvirus isolate BKV10/2021/CHN, complete genome,((ON075052.1 |Bovine kobuvirus isolate BKV3/2021/CHN, complete genome,ON168737.1 |Bovine kobuvirus isolate BKV9/2021/CHN, complete genome)[1.00000],((ON075053.1 |Bovine kobuvirus isolate BKV4/2021/CHN, complete genome,ON168739.1 |Bovine kobuvirus isolate BKV11/2021/CHN, complete genome)[1.00000],(MK080265.1 |Bovine kobuvirus polyprotein gene, complete cds,(ON168742.1 |Bovine kobuvirus isolate BKV14/2021/CHN, complete genome,(((ON075051.1 |Bovine kobuvirus isolate BKV2/2021/CHN, complete genome,MZ603734.1 |Bovine kobuvirus isolate BKoV/CN/HB-SJZ/2021, complete genome)[1.00000],((ON168741.1 |Bovine kobuvirus isolate BKV13/2021/CHN, complete genome,OP920760.1 |Capreolus pygargus kobuvirus isolate CpKoV/XK/CHN/2021, complete genome)[1.00000],(ON075056.1 |Bovine kobuvirus isolate BKV8/2021/CHN, complete genome,ON075050.1 |Bovine kobuvirus isolate BKV1/2021/CHN, complete genome)[1.00000])[1.00000])[1.00000],(ON075055.1 |Bovine kobuvirus isolate BKV7/2021/CHN, complete genome,ON075054.1 |Bovine kobuvirus isolate BKV6/2021/CHN, complete genome)[1.00000])[1.00000])[1.00000])[1.00000])[1.00000])[1.00000])[1.00000],(((KT003671.1 |Bovine kobuvirus polyprotein gene, complete cds,(NC_004421.1 |Aichivirus B genomic RNA, complete genome, strain:U-1,AB084788.1 |Aichivirus B genomic RNA, complete genome, strain:U-1)[1.00000])[1.00000],(MN336260.1 |Bovine kobuvirus strain IL35164, complete genome,MW605074.1 |Bovine kobuvirus strain 1043507, complete genome)[1.00000])[1.00000],(KY407744.1 |Bovine kobuvirus strain BKoV/EGY-1, complete genome,(OP805598.1 |Aichivirus B isolate Bovine_59254_11/21 TR, complete genome,(OP805597.1 |Aichivirus B isolate Bovine_59254_2/21 TR, complete genome,OP805596.1 |Aichivirus B isolate Calf 300917/2021, complete genome)[1.00000])[1.00000])[1.00000])[1.00000])[1.00000])[1.00000])[1.00000],(MZ679272.1 |MAG: Kobuvirus sp. isolate 302R-k141_157464 polyprotein gene, partial cds,GU245693.2 |Aichivirus B3 strain sheep/TB3/HUN/2009, complete genome)[1.00000])[1.00000])[1.00000],(((LC210606.1 |Porcine kobuvirus gene for polyprotein, complete cds, strain: PoKoV/Bu4-4/JPN/2014,(LC210607.1 |Porcine kobuvirus gene for polyprotein, complete cds, strain: PoKoV/Bu4-6/JPN/2014,LC210605.1 |Porcine kobuvirus gene for polyprotein, complete cds, strain: PoKoV/Bu4-2/JPN/2014)[1.00000])[1.00000],(((KC414936.1 |Porcine kobuvirus isolate K-11/2012/CH, complete genome,((((KF539763.1 |Porcine kobuvirus isolate swKoV CH441, complete genome,KM051987.1 |Porcine kobuvirus strain CH/KB-1/2014, complete genome)[1.00000],((JX401523.1 |Porcine kobuvirus isolate CH/HNXX-4/2012, complete genome,(MF062436.1 |Porcine kobuvirus isolate Guangxi/G21/2014/CH polyprotein gene, complete cds,(NC_016769.1 |Porcine kobuvirus SH-W-CHN/2010/China, complete genome,JN630514.1 |Porcine kobuvirus SH-W-CHN/2010/China, complete genome)[1.00000])[1.00000])[1.00000],((KC204684.1 |Porcine kobuvirus isolate XX, complete genome,(MG800805.1 |Porcine kobuvirus isolate Chgz3 polyprotein gene, complete cds,OP414039.1 |MAG UNVERIFIED_ASMBLY: Porcine kobuvirus polyprotein gene strain PF163/con/PicV6, complete cds)[1.00000])[1.00000],(ON007233.1 |Porcine kobuvirus isolate XJ1904-34-PKV, complete genome,(MF062444.1 |Porcine kobuvirus isolate Guangxi/G13/2013/CH polyprotein gene, complete cds,MF062443.1 |Porcine kobuvirus isolate Guangxi/G14/2013/CH polyprotein gene, complete cds)[1.00000])[1.00000])[1.00000])[1.00000])[1.00000],((MF062440.1 |Porcine kobuvirus isolate Guangxi/G17/2013/CH polyprotein gene, complete cds,(OR364986.1 |Porcine kobuvirus isolate JSYZ1806-158, partial genome,(OR364987.1 |Porcine kobuvirus isolate GDCZ2202-1606, partial genome,(MT125684.1 |Porcine kobuvirus isolate swine/JX-3/2013/China, complete genome,(MT125682.1 |Porcine kobuvirus isolate swine/JX-1/2013/China, complete genome,(KJ452348.1 |Porcine kobuvirus isolate CH/DX/2012, complete genome,MT125683.1 |Porcine kobuvirus isolate swine/JX-2/2013/China, complete genome)[1.00000])[1.00000])[1.00000])[1.00000])[1.00000])[1.00000],(JX827598.1 |Porcine kobuvirus isolate CH/HZ/2011 polyprotein gene, complete cds,(LC210615.1 |Porcine kobuvirus gene for polyprotein, complete cds, strain: PoKoV/Ishi-Im6/JPN/2015,LC210614.1 |Porcine kobuvirus gene for polyprotein, complete cds, strain: PoKoV/Ishi-Im5/JPN/2015)[1.00000])[1.00000])[1.00000])[1.00000],((((OM274025.1 |Porcine kobuvirus isolate AH-32 polyprotein gene, complete genome,OP414064.1 |MAG: Porcine kobuvirus isolate PF200/con/PicV31 polyprotein gene, complete cds)[1.00000],(OP414055.1 |MAG: Porcine kobuvirus isolate PF102/con/PicV22 polyprotein gene, complete cds,(OP414050.1 |MAG: Porcine kobuvirus isolate PF95/con/PicV17 polyprotein gene, complete cds,(OP414053.1 |MAG: Porcine kobuvirus isolate PF98/con/PicV20 polyprotein gene, complete cds,OP414051.1 |MAG: Porcine kobuvirus isolate PF96/con/PicV18 polyprotein gene, complete cds)[1.00000])[1.00000])[1.00000])[1.00000],(KF695124.1 |Porcine kobuvirus isolate ch-kobu/2008/China, complete genome,((OQ129479.1 |Porcine kobuvirus isolate SD/2022/China, complete genome,((((OM274027.1 |Porcine kobuvirus isolate AH-49 polyprotein gene, complete genome,MF062439.1 |Porcine kobuvirus isolate Guangxi/G18/2013/CH polyprotein gene, complete cds)[1.00000],((MF062452.1 |Porcine kobuvirus isolate Guangxi/G2/2012/CH polyprotein gene, complete cds,MF062448.1 |Porcine kobuvirus isolate Guangxi/G8/2012/CH polyprotein gene, complete cds)[1.00000],(MF062441.1 |Porcine kobuvirus isolate Guangxi/G16/2013/CH polyprotein gene, complete cds,(MF062446.1 |Porcine kobuvirus isolate Guangxi/G11/2012/CH polyprotein gene, complete cds,MF062442.1 |Porcine kobuvirus isolate Guangxi/G15/2013/CH polyprotein gene, complete cds)[1.00000])[1.00000])[1.00000])[1.00000],(MF062438.1 |Porcine kobuvirus isolate Guangxi/G19/2013/CH polyprotein gene, complete cds,MF062437.1 |Porcine kobuvirus isolate Guangxi/G20/2013/CH polyprotein gene, complete cds)[1.00000])[1.00000],((OM274026.1 |Porcine kobuvirus isolate AH-42 polyprotein gene, complete genome,KY234499.1 |Porcine kobuvirus isolate JXAT2015, complete genome)[1.00000],(MF062447.1 |Porcine kobuvirus isolate Guangxi/G9/2012/CH polyprotein gene, complete cds,MF062435.1 |Porcine kobuvirus isolate Guangxi/G1/2012/CH polyprotein gene, complete cds)[1.00000])[1.00000])[1.00000])[1.00000],(MF062450.1 |Porcine kobuvirus isolate Guangxi/G6/2012/CH polyprotein gene, complete cds,MT125685.1 |Porcine kobuvirus isolate swine/HBYT/2018/China, complete genome)[1.00000])[1.00000])[1.00000])[1.00000],(KP144318.1 |Porcine kobuvirus JS-01-CHN/2013/China, complete genome,(NC_027054.1 |Porcine kobuvirus isolate JS-02a-CHN/2014/China, complete genome,KP260507.1 |Porcine kobuvirus isolate JS-02a-CHN/2014/China, complete genome)[1.00000])[1.00000])[1.00000])[1.00000])[1.00000],(((MN807751.1 |Porcine kobuvirus strain SZ1M-F/PKV/HUN/2013, complete genome,OM105002.1 |MAG: Porcine kobuvirus isolate BSF2 polyprotein gene, complete cds)[1.00000],(LC210609.1 |Porcine kobuvirus gene for polyprotein, complete cds, strain: PoKoV/Bu6-6/JPN/2014,LC210608.1 |Porcine kobuvirus gene for polyprotein, complete cds, strain: PoKoV/Bu5-6/JPN/2014)[1.00000])[1.00000],((((OQ595081.1 |Porcine kobuvirus strain 06-2017-Medj, complete genome,MZ334483.1 |Porcine kobuvirus strain FoPro-213.14/GER/2018, complete genome)[1.00000],((KY234500.1 |Porcine kobuvirus isolate JXJC2015, complete genome,PP171443.1 |Porcine kobuvirus isolate KER-204 polyprotein gene, complete cds)[1.00000],(LC210617.1 |Porcine kobuvirus gene for polyprotein, complete cds, strain: PoKoV/Ishi-Sa5/JPN/2015,LC210616.1 |Porcine kobuvirus gene for polyprotein, complete cds, strain: PoKoV/Ishi-Ka3/JPN/2015)[1.00000])[1.00000])[1.00000],((((JQ692069.1 |Porcine kobuvirus strain WUH1, complete genome,((OM274028.1 |Porcine kobuvirus isolate AH-75 polyprotein gene, complete genome,(OK315318.1 |Porcine kobuvirus isolate Wuhan2020, complete genome,OP414052.1 |MAG: Porcine kobuvirus isolate PF97/con/PicV19 polyprotein gene, complete cds)[1.00000])[1.00000],(OP414063.1 |MAG: Porcine kobuvirus isolate PF183/con/PicV30 polyprotein gene, complete cds,(OP414061.1 |MAG: Porcine kobuvirus isolate PF180/con/PicV28 polyprotein gene, complete cds,OP414041.1 |MAG: Porcine kobuvirus isolate PF196/con/PicV8 polyprotein gene, complete cds)[1.00000])[1.00000])[1.00000])[1.00000],((OP414066.1 |MAG: Porcine kobuvirus isolate PF202/con/PicV33 polyprotein gene, complete cds,(MF062449.1 |Porcine kobuvirus isolate Guangxi/G7/2012/CH polyprotein gene, complete cds,(MF062451.1 |Porcine kobuvirus isolate Guangxi/G5/2012/CH polyprotein gene, complete cds,MF062445.1 |Porcine kobuvirus isolate Guangxi/G12/2012/CH polyprotein gene, complete cds)[1.00000])[1.00000])[1.00000],((GU292559.1 |Kobuvirus pig/JY-2010a/CHN isolate Y-1-CHI, complete genome,OP414059.1 |MAG UNVERIFIED_ASMBLY: Porcine kobuvirus polyprotein gene strain PF161/con/PicV26, complete cds)[1.00000],(KC424638.1 |Porcine kobuvirus isolate K-4/2012/CH, complete genome,(KC424640.1 |Porcine kobuvirus isolate GS-2/2012/CH, complete genome,KC424639.1 |Porcine kobuvirus isolate GS-1/2012/CH, complete genome)[1.00000])[1.00000])[1.00000])[1.00000])[1.00000],(((MT211964.1 |Porcine kobuvirus isolate EdoMex/2018/205, complete genome,(LC210622.1 |Porcine kobuvirus gene for polyprotein, complete cds, strain: PoKoV/Buta16/JPN/2014,LC210611.1 |Porcine kobuvirus gene for polyprotein, complete cds, strain: PoKoV/Bu9-10/JPN/2014)[1.00000])[1.00000],(AB624493.2 |Porcine kobuvirus THA/2007 gene for polyprotein, complete cds, strain: CMP06/07-THA,(LC210613.1 |Porcine kobuvirus gene for polyprotein, complete cds, strain: PoKoV/Iba444-2/JPN/2016,LC210612.1 |Porcine kobuvirus gene for polyprotein, complete cds, strain: PoKoV/Iba27-372/JPN/2015)[1.00000])[1.00000])[1.00000],(MF506730.1 |Porcine kobuvirus isolate OH/RV11/2011, complete genome,(((LC210599.1 |Porcine kobuvirus gene for polyprotein, complete cds, strain: PoKoV/Bu1-8/JPN/2014,(LC210620.1 |Porcine kobuvirus gene for polyprotein, complete cds, strain: PoKoV/Tochigi-IN30/JPN/2015,LC210604.1 |Porcine kobuvirus gene for polyprotein, complete cds, strain: PoKoV/Bu3-5/JPN/2014)[1.00000])[1.00000],(LC210610.1 |Porcine kobuvirus gene for polyprotein, complete cds, strain: PoKoV/Bu7-9/JPN/2014,((LC210603.1 |Porcine kobuvirus gene for polyprotein, complete cds, strain: PoKoV/Bu2-6/JPN/2014,LC210602.1 |Porcine kobuvirus gene for polyprotein, complete cds, strain: PoKoV/Bu2-5/JPN/2014)[1.00000],(LC210601.1 |Porcine kobuvirus gene for polyprotein, complete cds, strain: PoKoV/Bu2-3/JPN/2014,LC210600.1 |Porcine kobuvirus gene for polyprotein, complete cds, strain: PoKoV/Bu2-2/JPN/2014)[1.00000])[1.00000])[1.00000])[1.00000],(MG800806.1 |Porcine kobuvirus isolate Chgz4 polyprotein gene, complete cds,(MG800807.1 |Porcine kobuvirus isolate Chgz5 polyprotein gene, complete cds,(MG800804.1 |Porcine kobuvirus isolate Chgz2 polyprotein gene, complete cds,MG800803.1 |Porcine kobuvirus isolate Chgz1 polyprotein gene, complete cds)[1.00000])[1.00000])[1.00000])[1.00000])[1.00000])[1.00000])[1.00000],(LT898428.1 |Porcine kobuvirus isolate PKV_GER_L00919-K17_14-02_2014 genome assembly, complete genome: monopartite,(GQ249161.1 |Porcine kobuvirus swine/K-30-HUN/2008/HUN, complete genome,(NC_011829.1 |Porcine kobuvirus swine/S-1-HUN/2007/Hungary, complete genome,EU787450.2 |Aichivirus C1 strain swine/S-1-HUN/2007/Hungary, complete genome)[1.00000])[1.00000])[1.00000])[1.00000])[1.00000],(MK962332.1 |Porcine kobuvirus strain KobuV/Pig-wt/ESP/C375/2017, complete genome,(((JX177612.1 |Porcine kobuvirus strain WB-1-HUN/2011/HUN, complete genome,((MK962325.1 |Porcine kobuvirus strain KobuV/Pig-wt/ESP/VT25C/2017, complete genome,(MK962328.1 |Porcine kobuvirus strain KobuV/Pig-wt/ESP/B304/2017, complete genome,MK962322.1 |Porcine kobuvirus strain KobuV/Pig-wt/ESP/VC20B/2017, complete genome)[1.00000])[1.00000],(MK962326.1 |Porcine kobuvirus strain KobuV/Pig-wt/ESP/C429/2017, complete genome,MK962324.1 |Porcine kobuvirus strain KobuV/Pig-wt/ESP/P437/2017, complete genome)[1.00000])[1.00000])[1.00000],((MK962331.1 |Porcine kobuvirus strain KobuV/Pig-wt/ESP/P284/2017, complete genome,MK962329.1 |Porcine kobuvirus strain KobuV/Pig-wt/ESP/P2B/2017, complete genome)[1.00000],(MK962327.1 |Porcine kobuvirus strain KobuV/Pig-wt/ESP/P259/2017, complete genome,MK962323.1 |Porcine kobuvirus strain KobuV/Pig-wt/ESP/P37/2017, complete genome)[1.00000])[1.00000])[1.00000],((ON792977.1 |Porcine kobuvirus isolate SP-VC36, complete genome,(ON792975.1 |Porcine kobuvirus isolate SP-VC4, complete genome,MK962334.1 |Porcine kobuvirus strain KobuV/Pig-wt/ESP/VC14/2017, complete genome)[1.00000])[1.00000],(MK962333.1 |Porcine kobuvirus strain KobuV/Pig-wt/ESP/P461/2017, complete genome,((MK962320.1 |Porcine kobuvirus strain KobuV/Pig-wt/ESP/C247/2017, complete genome,(MK962335.1 |Porcine kobuvirus strain KobuV/Pig-wt/ESP/VC8/2017, complete genome,(ON792976.1 |Porcine kobuvirus isolate SP-VC18, complete genome,MK962336.1 |Porcine kobuvirus strain KobuV/Pig-wt/ESP/VC11/2017, complete genome)[1.00000])[1.00000])[1.00000],(MK962330.1 |Porcine kobuvirus strain KobuV/Pig-wt/ESP/P452/2017, complete genome,MK962321.1 |Porcine kobuvirus strain KobuV/Pig-wt/ESP/P393/2017, complete genome)[1.00000])[1.00000])[1.00000])[1.00000])[1.00000])[1.00000])[1.00000])[1.00000])[1.00000],((LC210619.1 |Porcine kobuvirus gene for polyprotein, complete cds, strain: PoKoV/Ishi-Ta4/JPN/2015,LC210618.1 |Porcine kobuvirus gene for polyprotein, complete cds, strain: PoKoV/Ishi-Ta3/JPN/2015)[1.00000],(KM977675.1 |Porcine kobuvirus isolate OH/RV50/2011, complete genome,LC210621.1 |Porcine kobuvirus genomic RNA, complete genome, strain: PoKoV/Tochigi-IO3/JPN/2014)[1.00000])[1.00000])[1.00000])[1.00000],(OQ808805.1 |Caprine kobuvirus isolate CKoV-China/GCCDC14/2019, complete genome,((MN604700.1 |Caprine kobuvirus isolate MN1/2018, complete genome,(NC_023422.1 |Caprine kobuvirus isolate 12Q108, complete genome,KF793927.1 |Aichivirus C2 isolate 12Q108, complete genome)[1.00000])[1.00000],(MT584793.1 |Caprine kobuvirus isolate CKoV-China/SWUN/F11/2019, complete genome,(OR682617.1 |Caprine kobuvirus isolate Caprine/SWUN/F2/2022, complete genome,OR682616.1 |Caprine kobuvirus isolate Caprine/SWUN/F1/2022, complete genome)[1.00000])[1.00000])[1.00000])[1.00000])[1.00000])[1.00000])[1.00000],((KT325852.1 |Rabbit picornavirus strain Rabbit01/2013/HUN, complete genome,(KJ641691.1 |Aichivirus F2 isolate BtMf-PicoV-2/GD2012 polyprotein gene, partial cds,(OR951282.1 |MAG: Aichivirus F isolate GD2017_210_5247 polyprotein-like gene, complete sequence,(KJ641686.1 |Bat kobuvirus 1 isolate BtMr-PicoV/JX2010 polyprotein gene, partial cds,OR951280.1 |MAG: Aichivirus F isolate GD2017_210_473 polyprotein-like gene, complete sequence)[1.00000])[1.00000])[1.00000])[1.00000],(MT152346.1 |Grey squirrel kobuvirus isolate UK 2010 polyprotein gene, complete cds,OM451187.1 |MAG: Grey squirrel kobuvirus isolate FJ-MO1 polyprotein gene, complete cds)[1.00000])[1.00000])[1.00000],(KJ934637.1 |Kobuvirus SZAL6-KoV/2011/HUN, complete genome,KY432931.1 |Aichivirus A7 isolate RtMruf-PicoV/JL2014-2 polyprotein gene, complete cds)[1.00000])[1.00000])[1.00000],(((MG200054.1 |Aichivirus A strain FSS693 polyprotein gene, complete cds,(((MG692431.1 |Aichi virus 1 isolate ETH/2016/P9 polyprotein gene, partial cds,MG009596.1 |Aichi virus 1 isolate ETH/2016/P4, partial genome)[1.00000],((MK372824.1 |Aichi virus 1 strain PAK622 polyprotein gene, complete cds,MK372823.1 |Aichi virus 1 strain PAK585 polyprotein gene, complete cds)[1.00000],(MK372822.1 |Aichi virus 1 strain PAK419 polyprotein gene, complete cds,(MK372825.1 |Aichi virus 1 strain PAK663 polyprotein gene, complete cds,MK372821.1 |Aichi virus 1 strain PAK56 polyprotein gene, complete cds)[1.00000])[1.00000])[1.00000])[1.00000],((MT766372.1 |MAG: Kobuvirus sp. isolate CHN/XJ/env/2018/ht8-ctg1, complete genome,(OP255993.1 |Aichivirus A1 strain A_RIVM_R04-15/Hu/NL/2019, complete genome,(MF947442.1 |Kobuvirus sp. strain 16806x8 polyprotein gene, partial cds,MF947441.1 |Kobuvirus sp. strain 16317x87 polyprotein gene, complete cds)[1.00000])[1.00000])[1.00000],(FJ890523.1 |Aichi virus isolate Chshc7, complete genome,MG692430.1 |Aichi virus 1 isolate ETH/2016/P6 polyprotein gene, partial cds)[1.00000])[1.00000])[1.00000])[1.00000],(DQ028632.1 |Aichi virus isolate Goiania/GO/03/01/Brazil, complete genome,((GQ927712.2 |Aichi virus strain D/VI2244/2004 polyprotein gene, complete cds,GQ927704.2 |Aichi virus strain D/VI2169/2004 polyprotein gene, complete cds)[1.00000],(GQ927706.2 |Aichi virus strain D/VI2321/2004 polyprotein gene, complete cds,GQ927705.2 |Aichi virus strain D/VI2359/2004 polyprotein gene, complete cds)[1.00000])[1.00000])[1.00000])[1.00000],((AY747174.1 |Aichi virus isolate BAY/1/03/DEU from Germany polyprotein gene, complete cds,(JX564249.1 |Aichi virus strain kvgh99012632/2010 polyprotein gene, complete cds,(OQ121963.1 |Aichi virus 1 isolate hu/C8_Seoul_02/2019, complete genome,GQ927711.2 |Aichi virus strain D/VI2287/2004 polyprotein gene, complete cds)[1.00000])[1.00000])[1.00000],((NC_001918.1 |Aichi virus, complete genome,AB010145.1 |Aichi virus genomic RNA, complete genome)[1.00000],(NC_074775.1 |Aichi virus genomic RNA, complete genome,AB040749.1 |Aichi virus genomic RNA, complete genome)[1.00000])[1.00000])[1.00000])[1.00000])[1.00000])[1.00000],(((OM480536.1 |Coypu kobuvirus strain GX-A1 genomic sequence,(OM480538.1 |Coypu kobuvirus strain HuN-F1 polyprotein gene, complete cds,OM480537.1 |Coypu kobuvirus strain HeB-F1 polyprotein gene, complete cds)[1.00000])[1.00000],(((OR951267.1 |MAG: Bat kobuvirus isolate GX2017 polyprotein-like gene, complete sequence,(OR951253.1 |MAG: Bat kobuvirus isolate GD2018_174_30389 polyprotein gene, complete cds,(OR951262.1 |MAG: Bat kobuvirus isolate GD2018 polyprotein-like gene, complete sequence,OR951260.1 |MAG: Bat kobuvirus isolate GD2018_176_172338 polyprotein gene, complete cds)[1.00000])[1.00000])[1.00000],((OR951365.1 |MAG: Bat kobuvirus isolate LN2020_329_62009 polyprotein gene, complete cds,OR951245.1 |MAG: Bat kobuvirus isolate HI2019 polyprotein gene, complete cds)[1.00000],(OR951256.1 |MAG: Bat kobuvirus isolate GD2018_174_126198 polyprotein gene, complete cds,OR951219.1 |MAG: Bat kobuvirus isolate HI2018 polyprotein gene, complete cds)[1.00000])[1.00000])[1.00000],(((OQ363763.1 |MAG: Aichivirus A isolate GX/B45M0208/2019, complete genome,OP094599.1 |Bamboo rat kobuvirus isolate B45M02, complete genome)[1.00000],(OM451219.1 |MAG: Aichivirus A isolate GX-F2 polyprotein gene, complete cds,OM451218.1 |MAG: Aichivirus A isolate GX-F1 polyprotein gene, complete cds)[1.00000])[1.00000],(((OM069744.1 |Murine kobuvirus 1 isolate SZ249 polyprotein gene, complete cds,(OM049042.1 |Murine kobuvirus 1 isolate SZ-DD6 polyprotein gene, complete cds,MF352432.1 |Aichivirus A strain Wencheng-Rt386-2 polyprotein gene, complete cds)[1.00000])[1.00000],((OM069761.1 |Murine kobuvirus 1 isolate SZ59 polyprotein gene, complete cds,(OM069749.1 |Murine kobuvirus 1 isolate SZ193 polyprotein gene, complete cds,(OM069758.1 |Murine kobuvirus 1 isolate SZ132 polyprotein gene, complete cds,OM069746.1 |Murine kobuvirus 1 isolate SZ208 polyprotein gene, complete cds)[1.00000])[1.00000])[1.00000],(((((MW292480.1 |Murine kobuvirus 1 isolate MuKV/YN27/CHN polyprotein gene, complete cds,(OM069753.1 |Murine kobuvirus 1 isolate SZ171 polyprotein gene, complete cds,OM069752.1 |Murine kobuvirus 1 isolate SZ172 polyprotein gene, complete cds)[1.00000])[1.00000],(OM069748.1 |Murine kobuvirus 1 isolate SZ202 polyprotein gene, complete cds,(OM069750.1 |Murine kobuvirus 1 isolate SZ190 polyprotein gene, complete cds,(OM069747.1 |Murine kobuvirus 1 isolate SZ203 polyprotein gene, complete cds,(OM069759.1 |Murine kobuvirus 1 isolate SZ86 polyprotein gene, complete cds,OM069751.1 |Murine kobuvirus 1 isolate SZ188 polyprotein gene, complete cds)[1.00000])[1.00000])[1.00000])[1.00000])[1.00000],((OM069762.1 |Murine kobuvirus 1 isolate SZ22 polyprotein gene, complete cds,(OM069760.1 |Murine kobuvirus 1 isolate SZ70 polyprotein gene, complete cds,OM069755.1 |Murine kobuvirus 1 isolate SZ157 polyprotein gene, complete cds)[1.00000])[1.00000],(OM069756.1 |Murine kobuvirus 1 isolate SZ155 polyprotein gene, complete cds,(OM069745.1 |Murine kobuvirus 1 isolate SZ227 polyprotein gene, complete cds,OM069742.1 |Murine kobuvirus 1 isolate SZ262 polyprotein gene, complete cds)[1.00000])[1.00000])[1.00000])[1.00000],((OM049039.1 |Murine kobuvirus 1 isolate SZ-CE7 polyprotein gene, complete cds,((OM049041.1 |Murine kobuvirus 1 isolate SZ-CL6 polyprotein gene, complete cds,OM049040.1 |Murine kobuvirus 1 isolate SZ-CJ6 polyprotein gene, complete cds)[1.00000],(OM049038.1 |Murine kobuvirus 1 isolate SZ-B13 polyprotein gene, complete cds,OM069763.1 |Murine kobuvirus 1 isolate SZ-FI6 polyprotein gene, complete cds)[1.00000])[1.00000])[1.00000],(OM069743.1 |Murine kobuvirus 1 isolate SZ252 polyprotein gene, complete cds,(OM069754.1 |Murine kobuvirus 1 isolate SZ158 polyprotein gene, complete cds,OM069741.1 |Murine kobuvirus 1 isolate SZ290 polyprotein gene, complete cds)[1.00000])[1.00000])[1.00000])[1.00000],(OM069757.1 |Murine kobuvirus 1 isolate SZ144 polyprotein gene, complete cds,(MN648600.1 |Rat kobuvirus MM33, partial genome,MN648601.1 |Rat kobuvirus GZ85, partial genome)[1.00000])[1.00000])[1.00000])[1.00000])[1.00000],(MN116647.1 |Aichivirus A strain rat08/rAiA/HUN, complete genome,(MW292482.1 |Murine kobuvirus 1 isolate MuKV/XM34/CHN polyprotein gene, complete cds,MW292481.1 |Murine kobuvirus 1 isolate MuKV/XM86/CHN polyprotein gene, complete cds)[1.00000])[1.00000])[1.00000])[1.00000])[1.00000])[1.00000],((NC_015936.1 |Mouse kobuvirus M-5/USA/2010, complete genome,JF755427.1 |Aichivirus A3 strain M-5 polyprotein gene, complete cds)[1.00000],(OM140655.1 |Marmot kobuvirus strain MCKV/XJ3/CHN/2016, complete genome,(KY855436.1 |Marmot kobuvirus strain HT9, complete genome,(OM451186.1 |MAG: Marmot kobuvirus isolate ZJ-F2 polyprotein gene, complete cds,OM451185.1 |MAG: Marmot kobuvirus isolate JS-TNA1 polyprotein gene, complete cds)[1.00000])[1.00000])[1.00000])[1.00000])[1.00000])[1.00000])[1.00000],(MH747478.1 |Canine kobuvirus strain CaKoV-26, complete genome,(OP093968.1 |Canine kobuvirus strain CaKoV/PK04/2019/BRA, complete genome,OP093966.1 |Canine kobuvirus strain CaKoV/PK02/2019/BRA, complete genome)[1.00000])[1.00000])[1.00000])[1.00000],(KC161964.1 |Canine kobuvirus strain UK003, complete genome,MN337880.1 |Canine kobuvirus strain S272/16, complete genome)[1.00000])[1.00000]);

Summary:

Partition 1/1:
                         Model         Score        Weight
----------------------------------------------------------
       BIC            GTR+I+G4  1170573.8537        1.0000
       AIC            GTR+I+G4  1165625.3936        1.0000
      AICc            GTR+I+G4  1165699.3936        1.0000

Execution results written to /vast/palmer/scratch/turner/flg9/BrookLab/GitHub/Fig3_MLTree/1_MSA/results/MAFFT/Kobuvirus_MSA.fasta.out
Starting tree written to /vast/palmer/scratch/turner/flg9/BrookLab/GitHub/Fig3_MLTree/1_MSA/results/MAFFT/Kobuvirus_MSA.fasta.tree
